{"/Users/lukaszkulpaczynski/Desktop/praca/stone-guide-app/stone-guide-app/backend/src/server.js": {"path":"/Users/lukaszkulpaczynski/Desktop/praca/stone-guide-app/stone-guide-app/backend/src/server.js","statementMap":{"0":{"start":{"line":1,"column":16},"end":{"line":1,"column":34}},"1":{"start":{"line":2,"column":18},"end":{"line":2,"column":46}},"2":{"start":{"line":3,"column":20},"end":{"line":3,"column":46}},"3":{"start":{"line":4,"column":22},"end":{"line":4,"column":49}},"4":{"start":{"line":5,"column":15},"end":{"line":5,"column":32}},"5":{"start":{"line":6,"column":15},"end":{"line":6,"column":32}},"6":{"start":{"line":7,"column":15},"end":{"line":7,"column":32}},"7":{"start":{"line":8,"column":15},"end":{"line":8,"column":41}},"8":{"start":{"line":9,"column":21},"end":{"line":9,"column":61}},"9":{"start":{"line":10,"column":0},"end":{"line":10,"column":16}},"10":{"start":{"line":12,"column":12},"end":{"line":12,"column":21}},"11":{"start":{"line":14,"column":0},"end":{"line":14,"column":24}},"12":{"start":{"line":15,"column":0},"end":{"line":15,"column":18}},"13":{"start":{"line":16,"column":0},"end":{"line":16,"column":23}},"14":{"start":{"line":18,"column":0},"end":{"line":21,"column":3}},"15":{"start":{"line":19,"column":2},"end":{"line":19,"column":50}},"16":{"start":{"line":20,"column":2},"end":{"line":20,"column":9}},"17":{"start":{"line":23,"column":0},"end":{"line":23,"column":36}},"18":{"start":{"line":24,"column":0},"end":{"line":24,"column":39}},"19":{"start":{"line":26,"column":0},"end":{"line":26,"column":22}},"20":{"start":{"line":28,"column":0},"end":{"line":28,"column":12}},"21":{"start":{"line":30,"column":0},"end":{"line":32,"column":3}},"22":{"start":{"line":31,"column":2},"end":{"line":31,"column":58}},"23":{"start":{"line":43,"column":0},"end":{"line":43,"column":21}}},"fnMap":{"0":{"name":"(anonymous_0)","decl":{"start":{"line":18,"column":8},"end":{"line":18,"column":9}},"loc":{"start":{"line":18,"column":28},"end":{"line":21,"column":1}},"line":18},"1":{"name":"(anonymous_1)","decl":{"start":{"line":30,"column":13},"end":{"line":30,"column":14}},"loc":{"start":{"line":30,"column":27},"end":{"line":32,"column":1}},"line":30}},"branchMap":{},"s":{"0":4,"1":4,"2":4,"3":4,"4":4,"5":4,"6":4,"7":4,"8":4,"9":4,"10":4,"11":4,"12":4,"13":4,"14":4,"15":44,"16":44,"17":4,"18":4,"19":4,"20":4,"21":4,"22":3,"23":4},"f":{"0":44,"1":3},"b":{},"_coverageSchema":"1a1c01bbd47fc00a2c39e90264f33305004495a9","hash":"abbadd0f1c19fddfac55d2bba8d9e8a41fe68498"}
,"/Users/lukaszkulpaczynski/Desktop/praca/stone-guide-app/stone-guide-app/backend/src/config/database.js": {"path":"/Users/lukaszkulpaczynski/Desktop/praca/stone-guide-app/stone-guide-app/backend/src/config/database.js","statementMap":{"0":{"start":{"line":1,"column":17},"end":{"line":1,"column":36}},"1":{"start":{"line":2,"column":0},"end":{"line":2,"column":27}},"2":{"start":{"line":3,"column":17},"end":{"line":3,"column":38}},"3":{"start":{"line":5,"column":18},"end":{"line":15,"column":1}},"4":{"start":{"line":6,"column":2},"end":{"line":6,"column":46}},"5":{"start":{"line":6,"column":39},"end":{"line":6,"column":46}},"6":{"start":{"line":7,"column":2},"end":{"line":14,"column":3}},"7":{"start":{"line":8,"column":4},"end":{"line":8,"column":68}},"8":{"start":{"line":10,"column":4},"end":{"line":10,"column":51}},"9":{"start":{"line":12,"column":4},"end":{"line":12,"column":54}},"10":{"start":{"line":13,"column":4},"end":{"line":13,"column":20}},"11":{"start":{"line":17,"column":0},"end":{"line":17,"column":27}}},"fnMap":{"0":{"name":"(anonymous_0)","decl":{"start":{"line":5,"column":18},"end":{"line":5,"column":19}},"loc":{"start":{"line":5,"column":30},"end":{"line":15,"column":1}},"line":5}},"branchMap":{"0":{"loc":{"start":{"line":6,"column":2},"end":{"line":6,"column":46}},"type":"if","locations":[{"start":{"line":6,"column":2},"end":{"line":6,"column":46}},{"start":{},"end":{}}],"line":6}},"s":{"0":4,"1":4,"2":4,"3":4,"4":7,"5":5,"6":2,"7":2,"8":1,"9":1,"10":1,"11":4},"f":{"0":7},"b":{"0":[5,2]},"_coverageSchema":"1a1c01bbd47fc00a2c39e90264f33305004495a9","hash":"332023f91df44e712878e190577557c3f3d930d0"}
,"/Users/lukaszkulpaczynski/Desktop/praca/stone-guide-app/stone-guide-app/backend/src/config/logger.js": {"path":"/Users/lukaszkulpaczynski/Desktop/praca/stone-guide-app/stone-guide-app/backend/src/config/logger.js","statementMap":{"0":{"start":{"line":1,"column":16},"end":{"line":1,"column":34}},"1":{"start":{"line":3,"column":15},"end":{"line":14,"column":2}},"2":{"start":{"line":16,"column":0},"end":{"line":16,"column":24}}},"fnMap":{},"branchMap":{},"s":{"0":2,"1":2,"2":2},"f":{},"b":{},"_coverageSchema":"1a1c01bbd47fc00a2c39e90264f33305004495a9","hash":"bc6c3f0df350e9349ed601f45bfce6bc83617e82"}
,"/Users/lukaszkulpaczynski/Desktop/praca/stone-guide-app/stone-guide-app/backend/src/config/redis.js": {"path":"/Users/lukaszkulpaczynski/Desktop/praca/stone-guide-app/stone-guide-app/backend/src/config/redis.js","statementMap":{"0":{"start":{"line":1,"column":14},"end":{"line":1,"column":32}},"1":{"start":{"line":3,"column":14},"end":{"line":6,"column":2}},"2":{"start":{"line":8,"column":0},"end":{"line":10,"column":3}},"3":{"start":{"line":9,"column":2},"end":{"line":9,"column":48}},"4":{"start":{"line":12,"column":0},"end":{"line":12,"column":23}}},"fnMap":{"0":{"name":"(anonymous_0)","decl":{"start":{"line":8,"column":18},"end":{"line":8,"column":19}},"loc":{"start":{"line":8,"column":27},"end":{"line":10,"column":1}},"line":8}},"branchMap":{},"s":{"0":7,"1":7,"2":7,"3":1,"4":7},"f":{"0":1},"b":{},"_coverageSchema":"1a1c01bbd47fc00a2c39e90264f33305004495a9","hash":"bb0b6ac912337b8ac1c43dd14e21e0115d92e0a5"}
,"/Users/lukaszkulpaczynski/Desktop/praca/stone-guide-app/stone-guide-app/backend/src/controllers/pricingController.js": {"path":"/Users/lukaszkulpaczynski/Desktop/praca/stone-guide-app/stone-guide-app/backend/src/controllers/pricingController.js","statementMap":{"0":{"start":{"line":1,"column":15},"end":{"line":1,"column":42}},"1":{"start":{"line":2,"column":27},"end":{"line":2,"column":64}},"2":{"start":{"line":4,"column":33},"end":{"line":15,"column":1}},"3":{"start":{"line":5,"column":2},"end":{"line":14,"column":3}},"4":{"start":{"line":6,"column":22},"end":{"line":6,"column":52}},"5":{"start":{"line":7,"column":4},"end":{"line":7,"column":24}},"6":{"start":{"line":9,"column":4},"end":{"line":9,"column":55}},"7":{"start":{"line":11,"column":6},"end":{"line":11,"column":78}},"8":{"start":{"line":12,"column":20},"end":{"line":12,"column":76}},"9":{"start":{"line":13,"column":4},"end":{"line":13,"column":48}},"10":{"start":{"line":17,"column":0},"end":{"line":17,"column":46}}},"fnMap":{"0":{"name":"(anonymous_0)","decl":{"start":{"line":4,"column":33},"end":{"line":4,"column":34}},"loc":{"start":{"line":4,"column":53},"end":{"line":15,"column":1}},"line":4}},"branchMap":{"0":{"loc":{"start":{"line":11,"column":6},"end":{"line":11,"column":78}},"type":"binary-expr","locations":[{"start":{"line":11,"column":6},"end":{"line":11,"column":18}},{"start":{"line":11,"column":23},"end":{"line":11,"column":77}}],"line":11},"1":{"loc":{"start":{"line":11,"column":23},"end":{"line":11,"column":77}},"type":"cond-expr","locations":[{"start":{"line":11,"column":68},"end":{"line":11,"column":71}},{"start":{"line":11,"column":74},"end":{"line":11,"column":77}}],"line":11},"2":{"loc":{"start":{"line":12,"column":20},"end":{"line":12,"column":76}},"type":"cond-expr","locations":[{"start":{"line":12,"column":37},"end":{"line":12,"column":60}},{"start":{"line":12,"column":63},"end":{"line":12,"column":76}}],"line":12}},"s":{"0":4,"1":4,"2":4,"3":15,"4":15,"5":6,"6":9,"7":9,"8":9,"9":9,"10":4},"f":{"0":15},"b":{"0":[9,8],"1":[1,7],"2":[1,8]},"_coverageSchema":"1a1c01bbd47fc00a2c39e90264f33305004495a9","hash":"9885162a8f34726ac87832632443ede3e4140f54"}
,"/Users/lukaszkulpaczynski/Desktop/praca/stone-guide-app/stone-guide-app/backend/src/controllers/stoneController.js": {"path":"/Users/lukaszkulpaczynski/Desktop/praca/stone-guide-app/stone-guide-app/backend/src/controllers/stoneController.js","statementMap":{"0":{"start":{"line":2,"column":15},"end":{"line":2,"column":42}},"1":{"start":{"line":9,"column":4},"end":{"line":9,"column":39}},"2":{"start":{"line":11,"column":18},"end":{"line":20,"column":1}},"3":{"start":{"line":12,"column":2},"end":{"line":19,"column":3}},"4":{"start":{"line":13,"column":19},"end":{"line":13,"column":52}},"5":{"start":{"line":14,"column":4},"end":{"line":14,"column":61}},"6":{"start":{"line":15,"column":4},"end":{"line":15,"column":21}},"7":{"start":{"line":17,"column":4},"end":{"line":17,"column":53}},"8":{"start":{"line":18,"column":4},"end":{"line":18,"column":61}},"9":{"start":{"line":22,"column":21},"end":{"line":34,"column":1}},"10":{"start":{"line":23,"column":2},"end":{"line":33,"column":3}},"11":{"start":{"line":24,"column":18},"end":{"line":24,"column":58}},"12":{"start":{"line":25,"column":4},"end":{"line":28,"column":5}},"13":{"start":{"line":26,"column":6},"end":{"line":26,"column":60}},"14":{"start":{"line":27,"column":6},"end":{"line":27,"column":66}},"15":{"start":{"line":29,"column":4},"end":{"line":29,"column":32}},"16":{"start":{"line":31,"column":4},"end":{"line":31,"column":58}},"17":{"start":{"line":32,"column":4},"end":{"line":32,"column":54}},"18":{"start":{"line":36,"column":20},"end":{"line":66,"column":1}},"19":{"start":{"line":37,"column":2},"end":{"line":65,"column":3}},"20":{"start":{"line":46,"column":8},"end":{"line":46,"column":16}},"21":{"start":{"line":48,"column":4},"end":{"line":51,"column":5}},"22":{"start":{"line":49,"column":6},"end":{"line":49,"column":65}},"23":{"start":{"line":50,"column":6},"end":{"line":50,"column":73}},"24":{"start":{"line":52,"column":4},"end":{"line":57,"column":5}},"25":{"start":{"line":53,"column":6},"end":{"line":53,"column":72}},"26":{"start":{"line":54,"column":6},"end":{"line":56,"column":73}},"27":{"start":{"line":59,"column":18},"end":{"line":59,"column":52}},"28":{"start":{"line":60,"column":4},"end":{"line":60,"column":48}},"29":{"start":{"line":61,"column":4},"end":{"line":61,"column":32}},"30":{"start":{"line":63,"column":4},"end":{"line":63,"column":52}},"31":{"start":{"line":64,"column":4},"end":{"line":64,"column":61}},"32":{"start":{"line":68,"column":21},"end":{"line":90,"column":1}},"33":{"start":{"line":69,"column":2},"end":{"line":89,"column":3}},"34":{"start":{"line":70,"column":29},"end":{"line":70,"column":38}},"35":{"start":{"line":71,"column":4},"end":{"line":74,"column":5}},"36":{"start":{"line":72,"column":6},"end":{"line":72,"column":69}},"37":{"start":{"line":73,"column":6},"end":{"line":73,"column":74}},"38":{"start":{"line":76,"column":19},"end":{"line":76,"column":58}},"39":{"start":{"line":77,"column":4},"end":{"line":80,"column":5}},"40":{"start":{"line":78,"column":6},"end":{"line":78,"column":76}},"41":{"start":{"line":79,"column":6},"end":{"line":79,"column":64}},"42":{"start":{"line":81,"column":4},"end":{"line":84,"column":7}},"43":{"start":{"line":85,"column":4},"end":{"line":85,"column":25}},"44":{"start":{"line":87,"column":4},"end":{"line":87,"column":54}},"45":{"start":{"line":88,"column":4},"end":{"line":88,"column":51}},"46":{"start":{"line":92,"column":29},"end":{"line":108,"column":1}},"47":{"start":{"line":93,"column":2},"end":{"line":107,"column":3}},"48":{"start":{"line":94,"column":30},"end":{"line":94,"column":78}},"49":{"start":{"line":95,"column":4},"end":{"line":98,"column":5}},"50":{"start":{"line":96,"column":6},"end":{"line":96,"column":80}},"51":{"start":{"line":97,"column":6},"end":{"line":97,"column":65}},"52":{"start":{"line":99,"column":4},"end":{"line":102,"column":7}},"53":{"start":{"line":103,"column":4},"end":{"line":103,"column":32}},"54":{"start":{"line":105,"column":4},"end":{"line":105,"column":65}},"55":{"start":{"line":106,"column":4},"end":{"line":106,"column":61}},"56":{"start":{"line":110,"column":0},"end":{"line":116,"column":2}}},"fnMap":{"0":{"name":"(anonymous_0)","decl":{"start":{"line":11,"column":18},"end":{"line":11,"column":19}},"loc":{"start":{"line":11,"column":38},"end":{"line":20,"column":1}},"line":11},"1":{"name":"(anonymous_1)","decl":{"start":{"line":22,"column":21},"end":{"line":22,"column":22}},"loc":{"start":{"line":22,"column":41},"end":{"line":34,"column":1}},"line":22},"2":{"name":"(anonymous_2)","decl":{"start":{"line":36,"column":20},"end":{"line":36,"column":21}},"loc":{"start":{"line":36,"column":40},"end":{"line":66,"column":1}},"line":36},"3":{"name":"(anonymous_3)","decl":{"start":{"line":68,"column":21},"end":{"line":68,"column":22}},"loc":{"start":{"line":68,"column":41},"end":{"line":90,"column":1}},"line":68},"4":{"name":"(anonymous_4)","decl":{"start":{"line":92,"column":29},"end":{"line":92,"column":30}},"loc":{"start":{"line":92,"column":49},"end":{"line":108,"column":1}},"line":92}},"branchMap":{"0":{"loc":{"start":{"line":25,"column":4},"end":{"line":28,"column":5}},"type":"if","locations":[{"start":{"line":25,"column":4},"end":{"line":28,"column":5}},{"start":{},"end":{}}],"line":25},"1":{"loc":{"start":{"line":48,"column":4},"end":{"line":51,"column":5}},"type":"if","locations":[{"start":{"line":48,"column":4},"end":{"line":51,"column":5}},{"start":{},"end":{}}],"line":48},"2":{"loc":{"start":{"line":48,"column":8},"end":{"line":48,"column":55}},"type":"binary-expr","locations":[{"start":{"line":48,"column":8},"end":{"line":48,"column":13}},{"start":{"line":48,"column":17},"end":{"line":48,"column":22}},{"start":{"line":48,"column":26},"end":{"line":48,"column":32}},{"start":{"line":48,"column":36},"end":{"line":48,"column":42}},{"start":{"line":48,"column":46},"end":{"line":48,"column":55}}],"line":48},"3":{"loc":{"start":{"line":52,"column":4},"end":{"line":57,"column":5}},"type":"if","locations":[{"start":{"line":52,"column":4},"end":{"line":57,"column":5}},{"start":{},"end":{}}],"line":52},"4":{"loc":{"start":{"line":52,"column":8},"end":{"line":52,"column":42}},"type":"binary-expr","locations":[{"start":{"line":52,"column":8},"end":{"line":52,"column":23}},{"start":{"line":52,"column":27},"end":{"line":52,"column":42}}],"line":52},"5":{"loc":{"start":{"line":71,"column":4},"end":{"line":74,"column":5}},"type":"if","locations":[{"start":{"line":71,"column":4},"end":{"line":74,"column":5}},{"start":{},"end":{}}],"line":71},"6":{"loc":{"start":{"line":71,"column":8},"end":{"line":71,"column":24}},"type":"binary-expr","locations":[{"start":{"line":71,"column":8},"end":{"line":71,"column":14}},{"start":{"line":71,"column":18},"end":{"line":71,"column":24}}],"line":71},"7":{"loc":{"start":{"line":77,"column":4},"end":{"line":80,"column":5}},"type":"if","locations":[{"start":{"line":77,"column":4},"end":{"line":80,"column":5}},{"start":{},"end":{}}],"line":77},"8":{"loc":{"start":{"line":95,"column":4},"end":{"line":98,"column":5}},"type":"if","locations":[{"start":{"line":95,"column":4},"end":{"line":98,"column":5}},{"start":{},"end":{}}],"line":95}},"s":{"0":4,"1":4,"2":4,"3":6,"4":6,"5":5,"6":5,"7":1,"8":1,"9":4,"10":3,"11":3,"12":2,"13":1,"14":1,"15":1,"16":1,"17":1,"18":4,"19":5,"20":5,"21":5,"22":2,"23":2,"24":3,"25":1,"26":1,"27":2,"28":1,"29":1,"30":1,"31":1,"32":4,"33":6,"34":6,"35":6,"36":1,"37":1,"38":5,"39":4,"40":1,"41":1,"42":3,"43":3,"44":1,"45":1,"46":4,"47":3,"48":3,"49":2,"50":1,"51":1,"52":1,"53":1,"54":1,"55":1,"56":4},"f":{"0":6,"1":3,"2":5,"3":6,"4":3},"b":{"0":[1,1],"1":[2,3],"2":[5,5,3,3,3],"3":[1,2],"4":[3,1],"5":[1,5],"6":[6,1],"7":[1,3],"8":[1,1]},"_coverageSchema":"1a1c01bbd47fc00a2c39e90264f33305004495a9","hash":"e72048af78ff1ab77c802db622d9af7deabd6e22"}
,"/Users/lukaszkulpaczynski/Desktop/praca/stone-guide-app/stone-guide-app/backend/src/middlewares/errorMiddleware.js": {"path":"/Users/lukaszkulpaczynski/Desktop/praca/stone-guide-app/stone-guide-app/backend/src/middlewares/errorMiddleware.js","statementMap":{"0":{"start":{"line":1,"column":15},"end":{"line":1,"column":42}},"1":{"start":{"line":3,"column":21},"end":{"line":13,"column":1}},"2":{"start":{"line":4,"column":2},"end":{"line":4,"column":68}},"3":{"start":{"line":7,"column":4},"end":{"line":7,"column":65}},"4":{"start":{"line":9,"column":2},"end":{"line":12,"column":5}},"5":{"start":{"line":15,"column":0},"end":{"line":15,"column":30}}},"fnMap":{"0":{"name":"(anonymous_0)","decl":{"start":{"line":3,"column":21},"end":{"line":3,"column":22}},"loc":{"start":{"line":3,"column":46},"end":{"line":13,"column":1}},"line":3}},"branchMap":{"0":{"loc":{"start":{"line":7,"column":4},"end":{"line":7,"column":65}},"type":"binary-expr","locations":[{"start":{"line":7,"column":4},"end":{"line":7,"column":14}},{"start":{"line":7,"column":19},"end":{"line":7,"column":64}}],"line":7},"1":{"loc":{"start":{"line":7,"column":19},"end":{"line":7,"column":64}},"type":"cond-expr","locations":[{"start":{"line":7,"column":44},"end":{"line":7,"column":47}},{"start":{"line":7,"column":50},"end":{"line":7,"column":64}}],"line":7},"2":{"loc":{"start":{"line":10,"column":13},"end":{"line":10,"column":51}},"type":"binary-expr","locations":[{"start":{"line":10,"column":13},"end":{"line":10,"column":24}},{"start":{"line":10,"column":28},"end":{"line":10,"column":51}}],"line":10},"3":{"loc":{"start":{"line":11,"column":11},"end":{"line":11,"column":73}},"type":"cond-expr","locations":[{"start":{"line":11,"column":51},"end":{"line":11,"column":55}},{"start":{"line":11,"column":58},"end":{"line":11,"column":73}}],"line":11},"4":{"loc":{"start":{"line":11,"column":58},"end":{"line":11,"column":73}},"type":"binary-expr","locations":[{"start":{"line":11,"column":58},"end":{"line":11,"column":67}},{"start":{"line":11,"column":71},"end":{"line":11,"column":73}}],"line":11}},"s":{"0":5,"1":5,"2":5,"3":5,"4":5,"5":5},"f":{"0":5},"b":{"0":[5,4],"1":[4,0],"2":[5,0],"3":[2,3],"4":[3,0]},"_coverageSchema":"1a1c01bbd47fc00a2c39e90264f33305004495a9","hash":"f1c00bf8588553f36f174b62340b55dce5e24ff2"}
,"/Users/lukaszkulpaczynski/Desktop/praca/stone-guide-app/stone-guide-app/backend/src/models/Stone.js": {"path":"/Users/lukaszkulpaczynski/Desktop/praca/stone-guide-app/stone-guide-app/backend/src/models/Stone.js","statementMap":{"0":{"start":{"line":1,"column":17},"end":{"line":1,"column":36}},"1":{"start":{"line":3,"column":20},"end":{"line":34,"column":1}},"2":{"start":{"line":15,"column":8},"end":{"line":15,"column":36}},"3":{"start":{"line":21,"column":8},"end":{"line":21,"column":36}},"4":{"start":{"line":36,"column":0},"end":{"line":36,"column":54}}},"fnMap":{"0":{"name":"(anonymous_0)","decl":{"start":{"line":14,"column":16},"end":{"line":14,"column":17}},"loc":{"start":{"line":14,"column":28},"end":{"line":16,"column":7}},"line":14},"1":{"name":"(anonymous_1)","decl":{"start":{"line":20,"column":16},"end":{"line":20,"column":17}},"loc":{"start":{"line":20,"column":28},"end":{"line":22,"column":7}},"line":20}},"branchMap":{},"s":{"0":4,"1":4,"2":5,"3":5,"4":4},"f":{"0":5,"1":5},"b":{},"_coverageSchema":"1a1c01bbd47fc00a2c39e90264f33305004495a9","hash":"0eceaab30bb3ea332e13bc7ad9e5235c80a64bc8"}
,"/Users/lukaszkulpaczynski/Desktop/praca/stone-guide-app/stone-guide-app/backend/src/routes/pricing.js": {"path":"/Users/lukaszkulpaczynski/Desktop/praca/stone-guide-app/stone-guide-app/backend/src/routes/pricing.js","statementMap":{"0":{"start":{"line":1,"column":16},"end":{"line":1,"column":34}},"1":{"start":{"line":4,"column":4},"end":{"line":4,"column":47}},"2":{"start":{"line":6,"column":15},"end":{"line":6,"column":31}},"3":{"start":{"line":8,"column":0},"end":{"line":8,"column":43}},"4":{"start":{"line":10,"column":0},"end":{"line":10,"column":24}}},"fnMap":{},"branchMap":{},"s":{"0":4,"1":4,"2":4,"3":4,"4":4},"f":{},"b":{},"_coverageSchema":"1a1c01bbd47fc00a2c39e90264f33305004495a9","hash":"8e14b97bef071ce4e2ca03a0481b2d4c556ba228"}
,"/Users/lukaszkulpaczynski/Desktop/praca/stone-guide-app/stone-guide-app/backend/src/routes/stones.js": {"path":"/Users/lukaszkulpaczynski/Desktop/praca/stone-guide-app/stone-guide-app/backend/src/routes/stones.js","statementMap":{"0":{"start":{"line":1,"column":16},"end":{"line":1,"column":34}},"1":{"start":{"line":8,"column":4},"end":{"line":8,"column":45}},"2":{"start":{"line":10,"column":15},"end":{"line":10,"column":31}},"3":{"start":{"line":11,"column":0},"end":{"line":11,"column":36}},"4":{"start":{"line":12,"column":0},"end":{"line":12,"column":57}},"5":{"start":{"line":13,"column":0},"end":{"line":13,"column":33}},"6":{"start":{"line":14,"column":0},"end":{"line":14,"column":27}},"7":{"start":{"line":15,"column":0},"end":{"line":15,"column":30}},"8":{"start":{"line":17,"column":0},"end":{"line":17,"column":24}}},"fnMap":{},"branchMap":{},"s":{"0":4,"1":4,"2":4,"3":4,"4":4,"5":4,"6":4,"7":4,"8":4},"f":{},"b":{},"_coverageSchema":"1a1c01bbd47fc00a2c39e90264f33305004495a9","hash":"40f9968893a1712c67563a96b180fcd90e40c0be"}
,"/Users/lukaszkulpaczynski/Desktop/praca/stone-guide-app/stone-guide-app/backend/src/services/pricingService.js": {"path":"/Users/lukaszkulpaczynski/Desktop/praca/stone-guide-app/stone-guide-app/backend/src/services/pricingService.js","statementMap":{"0":{"start":{"line":1,"column":14},"end":{"line":1,"column":40}},"1":{"start":{"line":2,"column":24},"end":{"line":2,"column":55}},"2":{"start":{"line":3,"column":28},"end":{"line":3,"column":60}},"3":{"start":{"line":4,"column":37},"end":{"line":4,"column":67}},"4":{"start":{"line":5,"column":15},"end":{"line":5,"column":42}},"5":{"start":{"line":7,"column":23},"end":{"line":45,"column":1}},"6":{"start":{"line":8,"column":2},"end":{"line":8,"column":35}},"7":{"start":{"line":10,"column":71},"end":{"line":10,"column":77}},"8":{"start":{"line":12,"column":16},"end":{"line":12,"column":45}},"9":{"start":{"line":13,"column":2},"end":{"line":18,"column":3}},"10":{"start":{"line":14,"column":4},"end":{"line":14,"column":55}},"11":{"start":{"line":15,"column":18},"end":{"line":15,"column":47}},"12":{"start":{"line":16,"column":4},"end":{"line":16,"column":23}},"13":{"start":{"line":17,"column":4},"end":{"line":17,"column":16}},"14":{"start":{"line":20,"column":17},"end":{"line":20,"column":49}},"15":{"start":{"line":21,"column":2},"end":{"line":24,"column":3}},"16":{"start":{"line":22,"column":4},"end":{"line":22,"column":50}},"17":{"start":{"line":23,"column":4},"end":{"line":23,"column":46}},"18":{"start":{"line":27,"column":4},"end":{"line":27,"column":69}},"19":{"start":{"line":28,"column":31},"end":{"line":28,"column":54}},"20":{"start":{"line":31,"column":4},"end":{"line":31,"column":76}},"21":{"start":{"line":33,"column":22},"end":{"line":33,"column":74}},"22":{"start":{"line":34,"column":22},"end":{"line":34,"column":66}},"23":{"start":{"line":35,"column":22},"end":{"line":35,"column":66}},"24":{"start":{"line":37,"column":2},"end":{"line":37,"column":71}},"25":{"start":{"line":39,"column":2},"end":{"line":44,"column":4}},"26":{"start":{"line":47,"column":0},"end":{"line":47,"column":36}}},"fnMap":{"0":{"name":"(anonymous_0)","decl":{"start":{"line":7,"column":23},"end":{"line":7,"column":24}},"loc":{"start":{"line":7,"column":41},"end":{"line":45,"column":1}},"line":7}},"branchMap":{"0":{"loc":{"start":{"line":13,"column":2},"end":{"line":18,"column":3}},"type":"if","locations":[{"start":{"line":13,"column":2},"end":{"line":18,"column":3}},{"start":{},"end":{}}],"line":13},"1":{"loc":{"start":{"line":21,"column":2},"end":{"line":24,"column":3}},"type":"if","locations":[{"start":{"line":21,"column":2},"end":{"line":24,"column":3}},{"start":{},"end":{}}],"line":21},"2":{"loc":{"start":{"line":27,"column":4},"end":{"line":27,"column":69}},"type":"cond-expr","locations":[{"start":{"line":27,"column":26},"end":{"line":27,"column":46}},{"start":{"line":27,"column":49},"end":{"line":27,"column":69}}],"line":27},"3":{"loc":{"start":{"line":31,"column":4},"end":{"line":31,"column":76}},"type":"cond-expr","locations":[{"start":{"line":31,"column":49},"end":{"line":31,"column":72}},{"start":{"line":31,"column":75},"end":{"line":31,"column":76}}],"line":31},"4":{"loc":{"start":{"line":31,"column":4},"end":{"line":31,"column":46}},"type":"binary-expr","locations":[{"start":{"line":31,"column":4},"end":{"line":31,"column":19}},{"start":{"line":31,"column":23},"end":{"line":31,"column":46}}],"line":31}},"s":{"0":4,"1":4,"2":4,"3":4,"4":4,"5":4,"6":15,"7":9,"8":9,"9":8,"10":1,"11":1,"12":1,"13":1,"14":7,"15":7,"16":1,"17":1,"18":6,"19":6,"20":6,"21":6,"22":6,"23":6,"24":6,"25":6,"26":4},"f":{"0":15},"b":{"0":[1,7],"1":[1,6],"2":[5,1],"3":[1,5],"4":[6,1]},"_coverageSchema":"1a1c01bbd47fc00a2c39e90264f33305004495a9","hash":"132a01796837117ad679e452a1c4e5fba44865ff"}
,"/Users/lukaszkulpaczynski/Desktop/praca/stone-guide-app/stone-guide-app/backend/src/services/stoneService.js": {"path":"/Users/lukaszkulpaczynski/Desktop/praca/stone-guide-app/stone-guide-app/backend/src/services/stoneService.js","statementMap":{"0":{"start":{"line":1,"column":14},"end":{"line":1,"column":40}},"1":{"start":{"line":2,"column":29},"end":{"line":2,"column":61}},"2":{"start":{"line":4,"column":25},"end":{"line":19,"column":1}},"3":{"start":{"line":5,"column":47},"end":{"line":5,"column":52}},"4":{"start":{"line":6,"column":17},"end":{"line":6,"column":42}},"5":{"start":{"line":8,"column":17},"end":{"line":10,"column":27}},"6":{"start":{"line":12,"column":16},"end":{"line":12,"column":50}},"7":{"start":{"line":13,"column":2},"end":{"line":18,"column":4}},"8":{"start":{"line":21,"column":28},"end":{"line":23,"column":1}},"9":{"start":{"line":22,"column":2},"end":{"line":22,"column":28}},"10":{"start":{"line":25,"column":27},"end":{"line":27,"column":1}},"11":{"start":{"line":26,"column":2},"end":{"line":26,"column":33}},"12":{"start":{"line":29,"column":28},"end":{"line":36,"column":1}},"13":{"start":{"line":30,"column":17},"end":{"line":30,"column":19}},"14":{"start":{"line":31,"column":2},"end":{"line":31,"column":60}},"15":{"start":{"line":31,"column":13},"end":{"line":31,"column":60}},"16":{"start":{"line":32,"column":2},"end":{"line":34,"column":3}},"17":{"start":{"line":33,"column":4},"end":{"line":33,"column":45}},"18":{"start":{"line":35,"column":2},"end":{"line":35,"column":28}},"19":{"start":{"line":38,"column":36},"end":{"line":46,"column":1}},"20":{"start":{"line":39,"column":16},"end":{"line":39,"column":40}},"21":{"start":{"line":40,"column":2},"end":{"line":40,"column":26}},"22":{"start":{"line":40,"column":14},"end":{"line":40,"column":26}},"23":{"start":{"line":41,"column":2},"end":{"line":45,"column":14}},"24":{"start":{"line":48,"column":0},"end":{"line":54,"column":2}}},"fnMap":{"0":{"name":"(anonymous_0)","decl":{"start":{"line":4,"column":25},"end":{"line":4,"column":26}},"loc":{"start":{"line":4,"column":42},"end":{"line":19,"column":1}},"line":4},"1":{"name":"(anonymous_1)","decl":{"start":{"line":21,"column":28},"end":{"line":21,"column":29}},"loc":{"start":{"line":21,"column":42},"end":{"line":23,"column":1}},"line":21},"2":{"name":"(anonymous_2)","decl":{"start":{"line":25,"column":27},"end":{"line":25,"column":28}},"loc":{"start":{"line":25,"column":48},"end":{"line":27,"column":1}},"line":25},"3":{"name":"(anonymous_3)","decl":{"start":{"line":29,"column":28},"end":{"line":29,"column":29}},"loc":{"start":{"line":29,"column":52},"end":{"line":36,"column":1}},"line":29},"4":{"name":"(anonymous_4)","decl":{"start":{"line":38,"column":36},"end":{"line":38,"column":37}},"loc":{"start":{"line":38,"column":50},"end":{"line":46,"column":1}},"line":38}},"branchMap":{"0":{"loc":{"start":{"line":5,"column":10},"end":{"line":5,"column":18}},"type":"default-arg","locations":[{"start":{"line":5,"column":17},"end":{"line":5,"column":18}}],"line":5},"1":{"loc":{"start":{"line":5,"column":20},"end":{"line":5,"column":30}},"type":"default-arg","locations":[{"start":{"line":5,"column":28},"end":{"line":5,"column":30}}],"line":5},"2":{"loc":{"start":{"line":31,"column":2},"end":{"line":31,"column":60}},"type":"if","locations":[{"start":{"line":31,"column":2},"end":{"line":31,"column":60}},{"start":{},"end":{}}],"line":31},"3":{"loc":{"start":{"line":32,"column":2},"end":{"line":34,"column":3}},"type":"if","locations":[{"start":{"line":32,"column":2},"end":{"line":34,"column":3}},{"start":{},"end":{}}],"line":32},"4":{"loc":{"start":{"line":32,"column":6},"end":{"line":32,"column":40}},"type":"binary-expr","locations":[{"start":{"line":32,"column":6},"end":{"line":32,"column":11}},{"start":{"line":32,"column":15},"end":{"line":32,"column":40}}],"line":32},"5":{"loc":{"start":{"line":40,"column":2},"end":{"line":40,"column":26}},"type":"if","locations":[{"start":{"line":40,"column":2},"end":{"line":40,"column":26}},{"start":{},"end":{}}],"line":40}},"s":{"0":4,"1":4,"2":4,"3":6,"4":6,"5":6,"6":5,"7":5,"8":4,"9":3,"10":4,"11":2,"12":4,"13":5,"14":5,"15":5,"16":5,"17":1,"18":5,"19":4,"20":3,"21":2,"22":1,"23":1,"24":4},"f":{"0":6,"1":3,"2":2,"3":5,"4":3},"b":{"0":[5],"1":[5],"2":[5,0],"3":[1,4],"4":[5,1],"5":[1,1]},"_coverageSchema":"1a1c01bbd47fc00a2c39e90264f33305004495a9","hash":"ed66947f896e401a4fd7a4ad5aab47d63ff5115d"}
,"/Users/lukaszkulpaczynski/Desktop/praca/stone-guide-app/stone-guide-app/backend/src/utils/convertToM2.js": {"path":"/Users/lukaszkulpaczynski/Desktop/praca/stone-guide-app/stone-guide-app/backend/src/utils/convertToM2.js","statementMap":{"0":{"start":{"line":1,"column":20},"end":{"line":12,"column":1}},"1":{"start":{"line":2,"column":2},"end":{"line":10,"column":3}},"2":{"start":{"line":3,"column":4},"end":{"line":3,"column":42}},"3":{"start":{"line":4,"column":9},"end":{"line":10,"column":3}},"4":{"start":{"line":5,"column":4},"end":{"line":5,"column":26}},"5":{"start":{"line":6,"column":9},"end":{"line":10,"column":3}},"6":{"start":{"line":7,"column":4},"end":{"line":7,"column":26}},"7":{"start":{"line":8,"column":9},"end":{"line":10,"column":3}},"8":{"start":{"line":9,"column":4},"end":{"line":9,"column":18}},"9":{"start":{"line":11,"column":2},"end":{"line":11,"column":14}},"10":{"start":{"line":14,"column":0},"end":{"line":14,"column":33}}},"fnMap":{"0":{"name":"(anonymous_0)","decl":{"start":{"line":1,"column":20},"end":{"line":1,"column":21}},"loc":{"start":{"line":1,"column":45},"end":{"line":12,"column":1}},"line":1}},"branchMap":{"0":{"loc":{"start":{"line":2,"column":2},"end":{"line":10,"column":3}},"type":"if","locations":[{"start":{"line":2,"column":2},"end":{"line":10,"column":3}},{"start":{"line":4,"column":9},"end":{"line":10,"column":3}}],"line":2},"1":{"loc":{"start":{"line":4,"column":9},"end":{"line":10,"column":3}},"type":"if","locations":[{"start":{"line":4,"column":9},"end":{"line":10,"column":3}},{"start":{"line":6,"column":9},"end":{"line":10,"column":3}}],"line":4},"2":{"loc":{"start":{"line":6,"column":9},"end":{"line":10,"column":3}},"type":"if","locations":[{"start":{"line":6,"column":9},"end":{"line":10,"column":3}},{"start":{"line":8,"column":9},"end":{"line":10,"column":3}}],"line":6},"3":{"loc":{"start":{"line":8,"column":9},"end":{"line":10,"column":3}},"type":"if","locations":[{"start":{"line":8,"column":9},"end":{"line":10,"column":3}},{"start":{},"end":{}}],"line":8}},"s":{"0":4,"1":10,"2":6,"3":4,"4":1,"5":3,"6":1,"7":2,"8":1,"9":1,"10":4},"f":{"0":10},"b":{"0":[6,4],"1":[1,3],"2":[1,2],"3":[1,1]},"_coverageSchema":"1a1c01bbd47fc00a2c39e90264f33305004495a9","hash":"9eb038815c0e4d50c27367d4de6a055850c6376c"}
,"/Users/lukaszkulpaczynski/Desktop/praca/stone-guide-app/stone-guide-app/backend/src/utils/exchangeRate.js": {"path":"/Users/lukaszkulpaczynski/Desktop/praca/stone-guide-app/stone-guide-app/backend/src/utils/exchangeRate.js","statementMap":{"0":{"start":{"line":1,"column":14},"end":{"line":1,"column":30}},"1":{"start":{"line":2,"column":14},"end":{"line":2,"column":40}},"2":{"start":{"line":3,"column":15},"end":{"line":3,"column":42}},"3":{"start":{"line":5,"column":24},"end":{"line":5,"column":29}},"4":{"start":{"line":7,"column":24},"end":{"line":34,"column":1}},"5":{"start":{"line":8,"column":2},"end":{"line":33,"column":3}},"6":{"start":{"line":9,"column":24},"end":{"line":9,"column":57}},"7":{"start":{"line":10,"column":4},"end":{"line":13,"column":5}},"8":{"start":{"line":11,"column":6},"end":{"line":11,"column":57}},"9":{"start":{"line":12,"column":6},"end":{"line":12,"column":37}},"10":{"start":{"line":15,"column":21},"end":{"line":17,"column":5}},"11":{"start":{"line":18,"column":20},"end":{"line":18,"column":41}},"12":{"start":{"line":19,"column":20},"end":{"line":19,"column":41}},"13":{"start":{"line":21,"column":4},"end":{"line":26,"column":6}},"14":{"start":{"line":28,"column":4},"end":{"line":28,"column":53}},"15":{"start":{"line":29,"column":4},"end":{"line":29,"column":32}},"16":{"start":{"line":31,"column":4},"end":{"line":31,"column":58}},"17":{"start":{"line":32,"column":4},"end":{"line":32,"column":43}},"18":{"start":{"line":36,"column":0},"end":{"line":36,"column":37}}},"fnMap":{"0":{"name":"(anonymous_0)","decl":{"start":{"line":7,"column":24},"end":{"line":7,"column":25}},"loc":{"start":{"line":7,"column":36},"end":{"line":34,"column":1}},"line":7}},"branchMap":{"0":{"loc":{"start":{"line":10,"column":4},"end":{"line":13,"column":5}},"type":"if","locations":[{"start":{"line":10,"column":4},"end":{"line":13,"column":5}},{"start":{},"end":{}}],"line":10}},"s":{"0":4,"1":4,"2":4,"3":4,"4":4,"5":9,"6":9,"7":9,"8":6,"9":6,"10":3,"11":2,"12":2,"13":2,"14":2,"15":2,"16":1,"17":1,"18":4},"f":{"0":9},"b":{"0":[6,3]},"_coverageSchema":"1a1c01bbd47fc00a2c39e90264f33305004495a9","hash":"a8574ef1f1bbda244f3110a0eff24d60149d8ab4"}
,"/Users/lukaszkulpaczynski/Desktop/praca/stone-guide-app/stone-guide-app/backend/src/utils/stoneFilters.js": {"path":"/Users/lukaszkulpaczynski/Desktop/praca/stone-guide-app/stone-guide-app/backend/src/utils/stoneFilters.js","statementMap":{"0":{"start":{"line":1,"column":25},"end":{"line":17,"column":1}},"1":{"start":{"line":2,"column":17},"end":{"line":2,"column":19}},"2":{"start":{"line":4,"column":2},"end":{"line":4,"column":31}},"3":{"start":{"line":4,"column":12},"end":{"line":4,"column":31}},"4":{"start":{"line":5,"column":2},"end":{"line":5,"column":34}},"5":{"start":{"line":5,"column":13},"end":{"line":5,"column":34}},"6":{"start":{"line":6,"column":2},"end":{"line":12,"column":3}},"7":{"start":{"line":7,"column":4},"end":{"line":7,"column":31}},"8":{"start":{"line":16,"column":2},"end":{"line":16,"column":16}},"9":{"start":{"line":19,"column":0},"end":{"line":19,"column":38}}},"fnMap":{"0":{"name":"(anonymous_0)","decl":{"start":{"line":1,"column":25},"end":{"line":1,"column":26}},"loc":{"start":{"line":1,"column":73},"end":{"line":17,"column":1}},"line":1}},"branchMap":{"0":{"loc":{"start":{"line":4,"column":2},"end":{"line":4,"column":31}},"type":"if","locations":[{"start":{"line":4,"column":2},"end":{"line":4,"column":31}},{"start":{},"end":{}}],"line":4},"1":{"loc":{"start":{"line":5,"column":2},"end":{"line":5,"column":34}},"type":"if","locations":[{"start":{"line":5,"column":2},"end":{"line":5,"column":34}},{"start":{},"end":{}}],"line":5},"2":{"loc":{"start":{"line":6,"column":2},"end":{"line":12,"column":3}},"type":"if","locations":[{"start":{"line":6,"column":2},"end":{"line":12,"column":3}},{"start":{},"end":{}}],"line":6},"3":{"loc":{"start":{"line":6,"column":6},"end":{"line":6,"column":26}},"type":"binary-expr","locations":[{"start":{"line":6,"column":6},"end":{"line":6,"column":14}},{"start":{"line":6,"column":18},"end":{"line":6,"column":26}}],"line":6}},"s":{"0":4,"1":6,"2":6,"3":1,"4":6,"5":1,"6":6,"7":2,"8":6,"9":4},"f":{"0":6},"b":{"0":[1,5],"1":[1,5],"2":[2,4],"3":[6,4]},"_coverageSchema":"1a1c01bbd47fc00a2c39e90264f33305004495a9","hash":"c957cdec041adee78e7edce8c2be7d0f9592c78a"}
,"/Users/lukaszkulpaczynski/Desktop/praca/stone-guide-app/stone-guide-app/backend/src/utils/validation.js": {"path":"/Users/lukaszkulpaczynski/Desktop/praca/stone-guide-app/stone-guide-app/backend/src/utils/validation.js","statementMap":{"0":{"start":{"line":1,"column":17},"end":{"line":1,"column":36}},"1":{"start":{"line":2,"column":15},"end":{"line":2,"column":42}},"2":{"start":{"line":4,"column":33},"end":{"line":36,"column":1}},"3":{"start":{"line":12,"column":2},"end":{"line":16,"column":3}},"4":{"start":{"line":13,"column":4},"end":{"line":15,"column":6}},"5":{"start":{"line":18,"column":2},"end":{"line":21,"column":3}},"6":{"start":{"line":19,"column":4},"end":{"line":19,"column":66}},"7":{"start":{"line":20,"column":4},"end":{"line":20,"column":64}},"8":{"start":{"line":23,"column":2},"end":{"line":25,"column":3}},"9":{"start":{"line":24,"column":4},"end":{"line":24,"column":52}},"10":{"start":{"line":27,"column":2},"end":{"line":29,"column":3}},"11":{"start":{"line":28,"column":4},"end":{"line":28,"column":48}},"12":{"start":{"line":31,"column":2},"end":{"line":33,"column":3}},"13":{"start":{"line":32,"column":4},"end":{"line":32,"column":58}},"14":{"start":{"line":35,"column":2},"end":{"line":35,"column":14}},"15":{"start":{"line":38,"column":0},"end":{"line":38,"column":46}}},"fnMap":{"0":{"name":"(anonymous_0)","decl":{"start":{"line":4,"column":33},"end":{"line":4,"column":34}},"loc":{"start":{"line":11,"column":6},"end":{"line":36,"column":1}},"line":11}},"branchMap":{"0":{"loc":{"start":{"line":12,"column":2},"end":{"line":16,"column":3}},"type":"if","locations":[{"start":{"line":12,"column":2},"end":{"line":16,"column":3}},{"start":{},"end":{}}],"line":12},"1":{"loc":{"start":{"line":12,"column":6},"end":{"line":12,"column":58}},"type":"binary-expr","locations":[{"start":{"line":12,"column":6},"end":{"line":12,"column":14}},{"start":{"line":12,"column":18},"end":{"line":12,"column":25}},{"start":{"line":12,"column":29},"end":{"line":12,"column":35}},{"start":{"line":12,"column":39},"end":{"line":12,"column":44}},{"start":{"line":12,"column":48},"end":{"line":12,"column":58}}],"line":12},"2":{"loc":{"start":{"line":18,"column":2},"end":{"line":21,"column":3}},"type":"if","locations":[{"start":{"line":18,"column":2},"end":{"line":21,"column":3}},{"start":{},"end":{}}],"line":18},"3":{"loc":{"start":{"line":23,"column":2},"end":{"line":25,"column":3}},"type":"if","locations":[{"start":{"line":23,"column":2},"end":{"line":25,"column":3}},{"start":{},"end":{}}],"line":23},"4":{"loc":{"start":{"line":23,"column":6},"end":{"line":23,"column":31}},"type":"binary-expr","locations":[{"start":{"line":23,"column":6},"end":{"line":23,"column":17}},{"start":{"line":23,"column":21},"end":{"line":23,"column":31}}],"line":23},"5":{"loc":{"start":{"line":27,"column":2},"end":{"line":29,"column":3}},"type":"if","locations":[{"start":{"line":27,"column":2},"end":{"line":29,"column":3}},{"start":{},"end":{}}],"line":27},"6":{"loc":{"start":{"line":31,"column":2},"end":{"line":33,"column":3}},"type":"if","locations":[{"start":{"line":31,"column":2},"end":{"line":33,"column":3}},{"start":{},"end":{}}],"line":31},"7":{"loc":{"start":{"line":31,"column":6},"end":{"line":31,"column":61}},"type":"binary-expr","locations":[{"start":{"line":31,"column":6},"end":{"line":31,"column":35}},{"start":{"line":31,"column":39},"end":{"line":31,"column":61}}],"line":31}},"s":{"0":4,"1":4,"2":4,"3":15,"4":1,"5":14,"6":1,"7":1,"8":13,"9":1,"10":12,"11":2,"12":10,"13":1,"14":9,"15":4},"f":{"0":15},"b":{"0":[1,14],"1":[15,15,15,15,15],"2":[1,13],"3":[1,12],"4":[13,12],"5":[2,10],"6":[1,9],"7":[10,2]},"_coverageSchema":"1a1c01bbd47fc00a2c39e90264f33305004495a9","hash":"9710981e7762052764d8fab870623bc65b7cecf2"}
}
