{"/Users/lukaszkulpaczynski/Desktop/praca/stone-guide-app/stone-guide-app/backend/src/server.js": {"path":"/Users/lukaszkulpaczynski/Desktop/praca/stone-guide-app/stone-guide-app/backend/src/server.js","statementMap":{"0":{"start":{"line":1,"column":16},"end":{"line":1,"column":34}},"1":{"start":{"line":2,"column":21},"end":{"line":2,"column":45}},"2":{"start":{"line":3,"column":18},"end":{"line":3,"column":47}},"3":{"start":{"line":4,"column":13},"end":{"line":4,"column":28}},"4":{"start":{"line":5,"column":18},"end":{"line":5,"column":46}},"5":{"start":{"line":6,"column":20},"end":{"line":6,"column":46}},"6":{"start":{"line":7,"column":22},"end":{"line":7,"column":49}},"7":{"start":{"line":8,"column":15},"end":{"line":8,"column":32}},"8":{"start":{"line":9,"column":15},"end":{"line":9,"column":32}},"9":{"start":{"line":10,"column":15},"end":{"line":10,"column":32}},"10":{"start":{"line":11,"column":15},"end":{"line":11,"column":41}},"11":{"start":{"line":12,"column":21},"end":{"line":12,"column":61}},"12":{"start":{"line":13,"column":13},"end":{"line":13,"column":28}},"13":{"start":{"line":14,"column":0},"end":{"line":14,"column":16}},"14":{"start":{"line":16,"column":12},"end":{"line":16,"column":21}},"15":{"start":{"line":18,"column":0},"end":{"line":23,"column":2}},"16":{"start":{"line":25,"column":0},"end":{"line":25,"column":24}},"17":{"start":{"line":27,"column":0},"end":{"line":27,"column":18}},"18":{"start":{"line":28,"column":0},"end":{"line":28,"column":23}},"19":{"start":{"line":30,"column":0},"end":{"line":33,"column":3}},"20":{"start":{"line":31,"column":2},"end":{"line":31,"column":50}},"21":{"start":{"line":32,"column":2},"end":{"line":32,"column":9}},"22":{"start":{"line":35,"column":0},"end":{"line":35,"column":36}},"23":{"start":{"line":36,"column":0},"end":{"line":36,"column":39}},"24":{"start":{"line":37,"column":0},"end":{"line":39,"column":3}},"25":{"start":{"line":38,"column":2},"end":{"line":38,"column":58}},"26":{"start":{"line":41,"column":23},"end":{"line":56,"column":1}},"27":{"start":{"line":58,"column":20},"end":{"line":58,"column":48}},"28":{"start":{"line":59,"column":0},"end":{"line":59,"column":68}},"29":{"start":{"line":61,"column":0},"end":{"line":61,"column":68}},"30":{"start":{"line":63,"column":0},"end":{"line":63,"column":22}},"31":{"start":{"line":65,"column":0},"end":{"line":65,"column":12}},"32":{"start":{"line":77,"column":0},"end":{"line":77,"column":21}}},"fnMap":{"0":{"name":"(anonymous_0)","decl":{"start":{"line":30,"column":8},"end":{"line":30,"column":9}},"loc":{"start":{"line":30,"column":28},"end":{"line":33,"column":1}},"line":30},"1":{"name":"(anonymous_1)","decl":{"start":{"line":37,"column":13},"end":{"line":37,"column":14}},"loc":{"start":{"line":37,"column":27},"end":{"line":39,"column":1}},"line":37}},"branchMap":{},"s":{"0":5,"1":5,"2":5,"3":5,"4":5,"5":5,"6":5,"7":5,"8":5,"9":5,"10":5,"11":5,"12":5,"13":5,"14":5,"15":5,"16":5,"17":5,"18":5,"19":5,"20":51,"21":51,"22":5,"23":5,"24":5,"25":3,"26":5,"27":5,"28":5,"29":5,"30":5,"31":5,"32":5},"f":{"0":51,"1":3},"b":{},"_coverageSchema":"1a1c01bbd47fc00a2c39e90264f33305004495a9","hash":"7a58c02260131518ebeb983269de6a8ae3ee831a"}
,"/Users/lukaszkulpaczynski/Desktop/praca/stone-guide-app/stone-guide-app/backend/src/config/database.js": {"path":"/Users/lukaszkulpaczynski/Desktop/praca/stone-guide-app/stone-guide-app/backend/src/config/database.js","statementMap":{"0":{"start":{"line":1,"column":17},"end":{"line":1,"column":36}},"1":{"start":{"line":2,"column":11},"end":{"line":2,"column":24}},"2":{"start":{"line":3,"column":0},"end":{"line":3,"column":27}},"3":{"start":{"line":5,"column":18},"end":{"line":8,"column":1}},"4":{"start":{"line":6,"column":15},"end":{"line":6,"column":37}},"5":{"start":{"line":7,"column":2},"end":{"line":7,"column":76}},"6":{"start":{"line":10,"column":17},"end":{"line":10,"column":64}},"7":{"start":{"line":12,"column":18},"end":{"line":21,"column":1}},"8":{"start":{"line":13,"column":2},"end":{"line":13,"column":46}},"9":{"start":{"line":13,"column":39},"end":{"line":13,"column":46}},"10":{"start":{"line":14,"column":2},"end":{"line":20,"column":3}},"11":{"start":{"line":15,"column":4},"end":{"line":15,"column":68}},"12":{"start":{"line":16,"column":4},"end":{"line":16,"column":51}},"13":{"start":{"line":18,"column":4},"end":{"line":18,"column":54}},"14":{"start":{"line":19,"column":4},"end":{"line":19,"column":20}},"15":{"start":{"line":23,"column":0},"end":{"line":23,"column":27}}},"fnMap":{"0":{"name":"(anonymous_0)","decl":{"start":{"line":5,"column":18},"end":{"line":5,"column":19}},"loc":{"start":{"line":5,"column":28},"end":{"line":8,"column":1}},"line":5},"1":{"name":"(anonymous_1)","decl":{"start":{"line":12,"column":18},"end":{"line":12,"column":19}},"loc":{"start":{"line":12,"column":30},"end":{"line":21,"column":1}},"line":12}},"branchMap":{"0":{"loc":{"start":{"line":7,"column":9},"end":{"line":7,"column":75}},"type":"cond-expr","locations":[{"start":{"line":7,"column":31},"end":{"line":7,"column":68}},{"start":{"line":7,"column":71},"end":{"line":7,"column":75}}],"line":7},"1":{"loc":{"start":{"line":10,"column":17},"end":{"line":10,"column":64}},"type":"binary-expr","locations":[{"start":{"line":10,"column":17},"end":{"line":10,"column":39}},{"start":{"line":10,"column":43},"end":{"line":10,"column":64}}],"line":10},"2":{"loc":{"start":{"line":13,"column":2},"end":{"line":13,"column":46}},"type":"if","locations":[{"start":{"line":13,"column":2},"end":{"line":13,"column":46}},{"start":{},"end":{}}],"line":13}},"s":{"0":5,"1":5,"2":5,"3":5,"4":5,"5":5,"6":5,"7":5,"8":9,"9":7,"10":2,"11":2,"12":1,"13":1,"14":1,"15":5},"f":{"0":5,"1":9},"b":{"0":[0,5],"1":[5,5],"2":[7,2]},"_coverageSchema":"1a1c01bbd47fc00a2c39e90264f33305004495a9","hash":"9fd2da5bed97ca1e58e5c98d366fc6cced6a6648"}
,"/Users/lukaszkulpaczynski/Desktop/praca/stone-guide-app/stone-guide-app/backend/src/config/logger.js": {"path":"/Users/lukaszkulpaczynski/Desktop/praca/stone-guide-app/stone-guide-app/backend/src/config/logger.js","statementMap":{"0":{"start":{"line":1,"column":16},"end":{"line":1,"column":34}},"1":{"start":{"line":3,"column":15},"end":{"line":14,"column":2}},"2":{"start":{"line":16,"column":0},"end":{"line":16,"column":24}}},"fnMap":{},"branchMap":{},"s":{"0":3,"1":3,"2":3},"f":{},"b":{},"_coverageSchema":"1a1c01bbd47fc00a2c39e90264f33305004495a9","hash":"bc6c3f0df350e9349ed601f45bfce6bc83617e82"}
,"/Users/lukaszkulpaczynski/Desktop/praca/stone-guide-app/stone-guide-app/backend/src/controllers/pricingController.js": {"path":"/Users/lukaszkulpaczynski/Desktop/praca/stone-guide-app/stone-guide-app/backend/src/controllers/pricingController.js","statementMap":{"0":{"start":{"line":1,"column":15},"end":{"line":1,"column":42}},"1":{"start":{"line":2,"column":27},"end":{"line":2,"column":64}},"2":{"start":{"line":4,"column":33},"end":{"line":15,"column":1}},"3":{"start":{"line":5,"column":2},"end":{"line":14,"column":3}},"4":{"start":{"line":6,"column":22},"end":{"line":6,"column":52}},"5":{"start":{"line":7,"column":4},"end":{"line":7,"column":24}},"6":{"start":{"line":9,"column":4},"end":{"line":9,"column":55}},"7":{"start":{"line":11,"column":6},"end":{"line":11,"column":78}},"8":{"start":{"line":12,"column":20},"end":{"line":12,"column":76}},"9":{"start":{"line":13,"column":4},"end":{"line":13,"column":48}},"10":{"start":{"line":17,"column":0},"end":{"line":17,"column":46}}},"fnMap":{"0":{"name":"(anonymous_0)","decl":{"start":{"line":4,"column":33},"end":{"line":4,"column":34}},"loc":{"start":{"line":4,"column":53},"end":{"line":15,"column":1}},"line":4}},"branchMap":{"0":{"loc":{"start":{"line":11,"column":6},"end":{"line":11,"column":78}},"type":"binary-expr","locations":[{"start":{"line":11,"column":6},"end":{"line":11,"column":18}},{"start":{"line":11,"column":23},"end":{"line":11,"column":77}}],"line":11},"1":{"loc":{"start":{"line":11,"column":23},"end":{"line":11,"column":77}},"type":"cond-expr","locations":[{"start":{"line":11,"column":68},"end":{"line":11,"column":71}},{"start":{"line":11,"column":74},"end":{"line":11,"column":77}}],"line":11},"2":{"loc":{"start":{"line":12,"column":20},"end":{"line":12,"column":76}},"type":"cond-expr","locations":[{"start":{"line":12,"column":37},"end":{"line":12,"column":60}},{"start":{"line":12,"column":63},"end":{"line":12,"column":76}}],"line":12}},"s":{"0":5,"1":5,"2":5,"3":14,"4":14,"5":6,"6":8,"7":8,"8":8,"9":8,"10":5},"f":{"0":14},"b":{"0":[8,7],"1":[1,6],"2":[1,7]},"_coverageSchema":"1a1c01bbd47fc00a2c39e90264f33305004495a9","hash":"9885162a8f34726ac87832632443ede3e4140f54"}
,"/Users/lukaszkulpaczynski/Desktop/praca/stone-guide-app/stone-guide-app/backend/src/controllers/stoneController.js": {"path":"/Users/lukaszkulpaczynski/Desktop/praca/stone-guide-app/stone-guide-app/backend/src/controllers/stoneController.js","statementMap":{"0":{"start":{"line":1,"column":15},"end":{"line":1,"column":42}},"1":{"start":{"line":8,"column":4},"end":{"line":8,"column":39}},"2":{"start":{"line":9,"column":14},"end":{"line":9,"column":40}},"3":{"start":{"line":11,"column":18},"end":{"line":20,"column":1}},"4":{"start":{"line":12,"column":2},"end":{"line":19,"column":3}},"5":{"start":{"line":13,"column":19},"end":{"line":13,"column":52}},"6":{"start":{"line":14,"column":4},"end":{"line":14,"column":61}},"7":{"start":{"line":15,"column":4},"end":{"line":15,"column":21}},"8":{"start":{"line":17,"column":4},"end":{"line":17,"column":53}},"9":{"start":{"line":18,"column":4},"end":{"line":18,"column":61}},"10":{"start":{"line":22,"column":21},"end":{"line":34,"column":1}},"11":{"start":{"line":23,"column":2},"end":{"line":33,"column":3}},"12":{"start":{"line":24,"column":18},"end":{"line":24,"column":58}},"13":{"start":{"line":25,"column":4},"end":{"line":28,"column":5}},"14":{"start":{"line":26,"column":6},"end":{"line":26,"column":60}},"15":{"start":{"line":27,"column":6},"end":{"line":27,"column":66}},"16":{"start":{"line":29,"column":4},"end":{"line":29,"column":32}},"17":{"start":{"line":31,"column":4},"end":{"line":31,"column":58}},"18":{"start":{"line":32,"column":4},"end":{"line":32,"column":54}},"19":{"start":{"line":36,"column":20},"end":{"line":66,"column":1}},"20":{"start":{"line":37,"column":2},"end":{"line":65,"column":3}},"21":{"start":{"line":46,"column":8},"end":{"line":46,"column":16}},"22":{"start":{"line":48,"column":4},"end":{"line":51,"column":5}},"23":{"start":{"line":49,"column":6},"end":{"line":49,"column":65}},"24":{"start":{"line":50,"column":6},"end":{"line":50,"column":73}},"25":{"start":{"line":52,"column":4},"end":{"line":57,"column":5}},"26":{"start":{"line":53,"column":6},"end":{"line":53,"column":72}},"27":{"start":{"line":54,"column":6},"end":{"line":56,"column":73}},"28":{"start":{"line":59,"column":18},"end":{"line":59,"column":52}},"29":{"start":{"line":60,"column":4},"end":{"line":60,"column":48}},"30":{"start":{"line":61,"column":4},"end":{"line":61,"column":32}},"31":{"start":{"line":63,"column":4},"end":{"line":63,"column":52}},"32":{"start":{"line":64,"column":4},"end":{"line":64,"column":61}},"33":{"start":{"line":68,"column":21},"end":{"line":94,"column":1}},"34":{"start":{"line":69,"column":2},"end":{"line":93,"column":3}},"35":{"start":{"line":70,"column":27},"end":{"line":70,"column":36}},"36":{"start":{"line":73,"column":4},"end":{"line":73,"column":26}},"37":{"start":{"line":74,"column":4},"end":{"line":74,"column":26}},"38":{"start":{"line":76,"column":4},"end":{"line":79,"column":5}},"39":{"start":{"line":77,"column":6},"end":{"line":77,"column":69}},"40":{"start":{"line":78,"column":6},"end":{"line":78,"column":74}},"41":{"start":{"line":81,"column":19},"end":{"line":81,"column":58}},"42":{"start":{"line":83,"column":4},"end":{"line":86,"column":7}},"43":{"start":{"line":89,"column":4},"end":{"line":89,"column":44}},"44":{"start":{"line":91,"column":4},"end":{"line":91,"column":54}},"45":{"start":{"line":92,"column":4},"end":{"line":92,"column":58}},"46":{"start":{"line":96,"column":29},"end":{"line":112,"column":1}},"47":{"start":{"line":97,"column":2},"end":{"line":111,"column":3}},"48":{"start":{"line":98,"column":30},"end":{"line":98,"column":78}},"49":{"start":{"line":99,"column":4},"end":{"line":102,"column":5}},"50":{"start":{"line":100,"column":6},"end":{"line":100,"column":80}},"51":{"start":{"line":101,"column":6},"end":{"line":101,"column":65}},"52":{"start":{"line":103,"column":4},"end":{"line":106,"column":7}},"53":{"start":{"line":107,"column":4},"end":{"line":107,"column":32}},"54":{"start":{"line":109,"column":4},"end":{"line":109,"column":65}},"55":{"start":{"line":110,"column":4},"end":{"line":110,"column":61}},"56":{"start":{"line":114,"column":30},"end":{"line":137,"column":1}},"57":{"start":{"line":115,"column":2},"end":{"line":136,"column":3}},"58":{"start":{"line":116,"column":39},"end":{"line":116,"column":48}},"59":{"start":{"line":118,"column":18},"end":{"line":118,"column":20}},"60":{"start":{"line":120,"column":4},"end":{"line":120,"column":35}},"61":{"start":{"line":120,"column":15},"end":{"line":120,"column":35}},"62":{"start":{"line":121,"column":4},"end":{"line":121,"column":55}},"63":{"start":{"line":121,"column":15},"end":{"line":121,"column":55}},"64":{"start":{"line":122,"column":4},"end":{"line":126,"column":5}},"65":{"start":{"line":123,"column":6},"end":{"line":123,"column":32}},"66":{"start":{"line":124,"column":6},"end":{"line":124,"column":59}},"67":{"start":{"line":124,"column":15},"end":{"line":124,"column":59}},"68":{"start":{"line":125,"column":6},"end":{"line":125,"column":59}},"69":{"start":{"line":125,"column":15},"end":{"line":125,"column":59}},"70":{"start":{"line":128,"column":19},"end":{"line":130,"column":5}},"71":{"start":{"line":132,"column":4},"end":{"line":132,"column":21}},"72":{"start":{"line":134,"column":4},"end":{"line":134,"column":55}},"73":{"start":{"line":135,"column":4},"end":{"line":135,"column":71}},"74":{"start":{"line":139,"column":22},"end":{"line":160,"column":1}},"75":{"start":{"line":140,"column":2},"end":{"line":159,"column":3}},"76":{"start":{"line":141,"column":20},"end":{"line":141,"column":28}},"77":{"start":{"line":143,"column":4},"end":{"line":147,"column":5}},"78":{"start":{"line":144,"column":6},"end":{"line":146,"column":64}},"79":{"start":{"line":149,"column":19},"end":{"line":149,"column":58}},"80":{"start":{"line":151,"column":4},"end":{"line":153,"column":5}},"81":{"start":{"line":152,"column":6},"end":{"line":152,"column":78}},"82":{"start":{"line":155,"column":4},"end":{"line":155,"column":33}},"83":{"start":{"line":157,"column":4},"end":{"line":157,"column":50}},"84":{"start":{"line":158,"column":4},"end":{"line":158,"column":61}},"85":{"start":{"line":162,"column":0},"end":{"line":170,"column":2}}},"fnMap":{"0":{"name":"(anonymous_0)","decl":{"start":{"line":11,"column":18},"end":{"line":11,"column":19}},"loc":{"start":{"line":11,"column":38},"end":{"line":20,"column":1}},"line":11},"1":{"name":"(anonymous_1)","decl":{"start":{"line":22,"column":21},"end":{"line":22,"column":22}},"loc":{"start":{"line":22,"column":41},"end":{"line":34,"column":1}},"line":22},"2":{"name":"(anonymous_2)","decl":{"start":{"line":36,"column":20},"end":{"line":36,"column":21}},"loc":{"start":{"line":36,"column":40},"end":{"line":66,"column":1}},"line":36},"3":{"name":"(anonymous_3)","decl":{"start":{"line":68,"column":21},"end":{"line":68,"column":22}},"loc":{"start":{"line":68,"column":41},"end":{"line":94,"column":1}},"line":68},"4":{"name":"(anonymous_4)","decl":{"start":{"line":96,"column":29},"end":{"line":96,"column":30}},"loc":{"start":{"line":96,"column":49},"end":{"line":112,"column":1}},"line":96},"5":{"name":"(anonymous_5)","decl":{"start":{"line":114,"column":30},"end":{"line":114,"column":31}},"loc":{"start":{"line":114,"column":50},"end":{"line":137,"column":1}},"line":114},"6":{"name":"(anonymous_6)","decl":{"start":{"line":139,"column":22},"end":{"line":139,"column":23}},"loc":{"start":{"line":139,"column":42},"end":{"line":160,"column":1}},"line":139}},"branchMap":{"0":{"loc":{"start":{"line":25,"column":4},"end":{"line":28,"column":5}},"type":"if","locations":[{"start":{"line":25,"column":4},"end":{"line":28,"column":5}},{"start":{},"end":{}}],"line":25},"1":{"loc":{"start":{"line":48,"column":4},"end":{"line":51,"column":5}},"type":"if","locations":[{"start":{"line":48,"column":4},"end":{"line":51,"column":5}},{"start":{},"end":{}}],"line":48},"2":{"loc":{"start":{"line":48,"column":8},"end":{"line":48,"column":55}},"type":"binary-expr","locations":[{"start":{"line":48,"column":8},"end":{"line":48,"column":13}},{"start":{"line":48,"column":17},"end":{"line":48,"column":22}},{"start":{"line":48,"column":26},"end":{"line":48,"column":32}},{"start":{"line":48,"column":36},"end":{"line":48,"column":42}},{"start":{"line":48,"column":46},"end":{"line":48,"column":55}}],"line":48},"3":{"loc":{"start":{"line":52,"column":4},"end":{"line":57,"column":5}},"type":"if","locations":[{"start":{"line":52,"column":4},"end":{"line":57,"column":5}},{"start":{},"end":{}}],"line":52},"4":{"loc":{"start":{"line":52,"column":8},"end":{"line":52,"column":42}},"type":"binary-expr","locations":[{"start":{"line":52,"column":8},"end":{"line":52,"column":23}},{"start":{"line":52,"column":27},"end":{"line":52,"column":42}}],"line":52},"5":{"loc":{"start":{"line":76,"column":4},"end":{"line":79,"column":5}},"type":"if","locations":[{"start":{"line":76,"column":4},"end":{"line":79,"column":5}},{"start":{},"end":{}}],"line":76},"6":{"loc":{"start":{"line":76,"column":8},"end":{"line":76,"column":24}},"type":"binary-expr","locations":[{"start":{"line":76,"column":8},"end":{"line":76,"column":14}},{"start":{"line":76,"column":18},"end":{"line":76,"column":24}}],"line":76},"7":{"loc":{"start":{"line":99,"column":4},"end":{"line":102,"column":5}},"type":"if","locations":[{"start":{"line":99,"column":4},"end":{"line":102,"column":5}},{"start":{},"end":{}}],"line":99},"8":{"loc":{"start":{"line":120,"column":4},"end":{"line":120,"column":35}},"type":"if","locations":[{"start":{"line":120,"column":4},"end":{"line":120,"column":35}},{"start":{},"end":{}}],"line":120},"9":{"loc":{"start":{"line":121,"column":4},"end":{"line":121,"column":55}},"type":"if","locations":[{"start":{"line":121,"column":4},"end":{"line":121,"column":55}},{"start":{},"end":{}}],"line":121},"10":{"loc":{"start":{"line":122,"column":4},"end":{"line":126,"column":5}},"type":"if","locations":[{"start":{"line":122,"column":4},"end":{"line":126,"column":5}},{"start":{},"end":{}}],"line":122},"11":{"loc":{"start":{"line":122,"column":8},"end":{"line":122,"column":18}},"type":"binary-expr","locations":[{"start":{"line":122,"column":8},"end":{"line":122,"column":11}},{"start":{"line":122,"column":15},"end":{"line":122,"column":18}}],"line":122},"12":{"loc":{"start":{"line":124,"column":6},"end":{"line":124,"column":59}},"type":"if","locations":[{"start":{"line":124,"column":6},"end":{"line":124,"column":59}},{"start":{},"end":{}}],"line":124},"13":{"loc":{"start":{"line":125,"column":6},"end":{"line":125,"column":59}},"type":"if","locations":[{"start":{"line":125,"column":6},"end":{"line":125,"column":59}},{"start":{},"end":{}}],"line":125},"14":{"loc":{"start":{"line":143,"column":4},"end":{"line":147,"column":5}},"type":"if","locations":[{"start":{"line":143,"column":4},"end":{"line":147,"column":5}},{"start":{},"end":{}}],"line":143},"15":{"loc":{"start":{"line":143,"column":8},"end":{"line":143,"column":47}},"type":"binary-expr","locations":[{"start":{"line":143,"column":8},"end":{"line":143,"column":27}},{"start":{"line":143,"column":31},"end":{"line":143,"column":47}}],"line":143},"16":{"loc":{"start":{"line":151,"column":4},"end":{"line":153,"column":5}},"type":"if","locations":[{"start":{"line":151,"column":4},"end":{"line":153,"column":5}},{"start":{},"end":{}}],"line":151}},"s":{"0":5,"1":5,"2":5,"3":5,"4":6,"5":6,"6":5,"7":5,"8":1,"9":1,"10":5,"11":3,"12":3,"13":2,"14":1,"15":1,"16":1,"17":1,"18":1,"19":5,"20":4,"21":4,"22":4,"23":1,"24":1,"25":3,"26":1,"27":1,"28":2,"29":1,"30":1,"31":1,"32":1,"33":5,"34":6,"35":6,"36":6,"37":6,"38":6,"39":1,"40":1,"41":5,"42":4,"43":4,"44":1,"45":1,"46":5,"47":3,"48":3,"49":2,"50":1,"51":1,"52":1,"53":1,"54":1,"55":1,"56":5,"57":3,"58":3,"59":3,"60":3,"61":2,"62":3,"63":1,"64":3,"65":1,"66":1,"67":1,"68":1,"69":1,"70":3,"71":2,"72":1,"73":1,"74":5,"75":4,"76":4,"77":4,"78":1,"79":3,"80":2,"81":1,"82":1,"83":1,"84":1,"85":5},"f":{"0":6,"1":3,"2":4,"3":6,"4":3,"5":3,"6":4},"b":{"0":[1,1],"1":[1,3],"2":[4,4,3,3,3],"3":[1,2],"4":[3,1],"5":[1,5],"6":[6,1],"7":[1,1],"8":[2,1],"9":[1,2],"10":[1,2],"11":[3,2],"12":[1,0],"13":[1,0],"14":[1,3],"15":[4,4],"16":[1,1]},"_coverageSchema":"1a1c01bbd47fc00a2c39e90264f33305004495a9","hash":"93f44962ba0c4545665c9b26189f35d084f57bfc"}
,"/Users/lukaszkulpaczynski/Desktop/praca/stone-guide-app/stone-guide-app/backend/src/middlewares/auth.js": {"path":"/Users/lukaszkulpaczynski/Desktop/praca/stone-guide-app/stone-guide-app/backend/src/middlewares/auth.js","statementMap":{"0":{"start":{"line":1,"column":28},"end":{"line":1,"column":50}},"1":{"start":{"line":2,"column":16},"end":{"line":2,"column":35}},"2":{"start":{"line":4,"column":17},"end":{"line":15,"column":2}},"3":{"start":{"line":17,"column":0},"end":{"line":17,"column":26}}},"fnMap":{},"branchMap":{},"s":{"0":2,"1":2,"2":2,"3":2},"f":{},"b":{},"_coverageSchema":"1a1c01bbd47fc00a2c39e90264f33305004495a9","hash":"17b57817b5794fff9cbcf986811c36fc31cfac27"}
,"/Users/lukaszkulpaczynski/Desktop/praca/stone-guide-app/stone-guide-app/backend/src/middlewares/authorizeRole.js": {"path":"/Users/lukaszkulpaczynski/Desktop/praca/stone-guide-app/stone-guide-app/backend/src/middlewares/authorizeRole.js","statementMap":{"0":{"start":{"line":1,"column":0},"end":{"line":13,"column":2}},"1":{"start":{"line":2,"column":2},"end":{"line":12,"column":4}},"2":{"start":{"line":3,"column":18},"end":{"line":3,"column":53}},"3":{"start":{"line":5,"column":4},"end":{"line":9,"column":5}},"4":{"start":{"line":6,"column":6},"end":{"line":8,"column":61}},"5":{"start":{"line":11,"column":4},"end":{"line":11,"column":11}}},"fnMap":{"0":{"name":"authorizeRole","decl":{"start":{"line":1,"column":26},"end":{"line":1,"column":39}},"loc":{"start":{"line":1,"column":54},"end":{"line":13,"column":1}},"line":1},"1":{"name":"(anonymous_1)","decl":{"start":{"line":2,"column":9},"end":{"line":2,"column":10}},"loc":{"start":{"line":2,"column":29},"end":{"line":12,"column":3}},"line":2}},"branchMap":{"0":{"loc":{"start":{"line":3,"column":18},"end":{"line":3,"column":53}},"type":"binary-expr","locations":[{"start":{"line":3,"column":18},"end":{"line":3,"column":47}},{"start":{"line":3,"column":51},"end":{"line":3,"column":53}}],"line":3},"1":{"loc":{"start":{"line":5,"column":4},"end":{"line":9,"column":5}},"type":"if","locations":[{"start":{"line":5,"column":4},"end":{"line":9,"column":5}},{"start":{},"end":{}}],"line":5}},"s":{"0":6,"1":8,"2":7,"3":7,"4":2,"5":5},"f":{"0":8,"1":7},"b":{"0":[7,1],"1":[2,5]},"_coverageSchema":"1a1c01bbd47fc00a2c39e90264f33305004495a9","hash":"d97d9df6a46b8f1303652767a92e9aee27118b80"}
,"/Users/lukaszkulpaczynski/Desktop/praca/stone-guide-app/stone-guide-app/backend/src/middlewares/errorMiddleware.js": {"path":"/Users/lukaszkulpaczynski/Desktop/praca/stone-guide-app/stone-guide-app/backend/src/middlewares/errorMiddleware.js","statementMap":{"0":{"start":{"line":1,"column":15},"end":{"line":1,"column":42}},"1":{"start":{"line":3,"column":21},"end":{"line":13,"column":1}},"2":{"start":{"line":4,"column":2},"end":{"line":4,"column":68}},"3":{"start":{"line":7,"column":4},"end":{"line":7,"column":65}},"4":{"start":{"line":9,"column":2},"end":{"line":12,"column":5}},"5":{"start":{"line":15,"column":0},"end":{"line":15,"column":30}}},"fnMap":{"0":{"name":"(anonymous_0)","decl":{"start":{"line":3,"column":21},"end":{"line":3,"column":22}},"loc":{"start":{"line":3,"column":46},"end":{"line":13,"column":1}},"line":3}},"branchMap":{"0":{"loc":{"start":{"line":7,"column":4},"end":{"line":7,"column":65}},"type":"binary-expr","locations":[{"start":{"line":7,"column":4},"end":{"line":7,"column":14}},{"start":{"line":7,"column":19},"end":{"line":7,"column":64}}],"line":7},"1":{"loc":{"start":{"line":7,"column":19},"end":{"line":7,"column":64}},"type":"cond-expr","locations":[{"start":{"line":7,"column":44},"end":{"line":7,"column":47}},{"start":{"line":7,"column":50},"end":{"line":7,"column":64}}],"line":7},"2":{"loc":{"start":{"line":10,"column":13},"end":{"line":10,"column":51}},"type":"binary-expr","locations":[{"start":{"line":10,"column":13},"end":{"line":10,"column":24}},{"start":{"line":10,"column":28},"end":{"line":10,"column":51}}],"line":10},"3":{"loc":{"start":{"line":11,"column":11},"end":{"line":11,"column":73}},"type":"cond-expr","locations":[{"start":{"line":11,"column":51},"end":{"line":11,"column":55}},{"start":{"line":11,"column":58},"end":{"line":11,"column":73}}],"line":11},"4":{"loc":{"start":{"line":11,"column":58},"end":{"line":11,"column":73}},"type":"binary-expr","locations":[{"start":{"line":11,"column":58},"end":{"line":11,"column":67}},{"start":{"line":11,"column":71},"end":{"line":11,"column":73}}],"line":11}},"s":{"0":6,"1":6,"2":7,"3":7,"4":7,"5":6},"f":{"0":7},"b":{"0":[7,4],"1":[4,0],"2":[7,0],"3":[2,5],"4":[5,0]},"_coverageSchema":"1a1c01bbd47fc00a2c39e90264f33305004495a9","hash":"f1c00bf8588553f36f174b62340b55dce5e24ff2"}
,"/Users/lukaszkulpaczynski/Desktop/praca/stone-guide-app/stone-guide-app/backend/src/models/Stone.js": {"path":"/Users/lukaszkulpaczynski/Desktop/praca/stone-guide-app/stone-guide-app/backend/src/models/Stone.js","statementMap":{"0":{"start":{"line":1,"column":17},"end":{"line":1,"column":36}},"1":{"start":{"line":3,"column":20},"end":{"line":39,"column":1}},"2":{"start":{"line":15,"column":8},"end":{"line":15,"column":36}},"3":{"start":{"line":21,"column":8},"end":{"line":21,"column":36}},"4":{"start":{"line":41,"column":0},"end":{"line":41,"column":54}}},"fnMap":{"0":{"name":"(anonymous_0)","decl":{"start":{"line":14,"column":16},"end":{"line":14,"column":17}},"loc":{"start":{"line":14,"column":28},"end":{"line":16,"column":7}},"line":14},"1":{"name":"(anonymous_1)","decl":{"start":{"line":20,"column":16},"end":{"line":20,"column":17}},"loc":{"start":{"line":20,"column":28},"end":{"line":22,"column":7}},"line":20}},"branchMap":{},"s":{"0":5,"1":5,"2":23,"3":23,"4":5},"f":{"0":23,"1":23},"b":{},"_coverageSchema":"1a1c01bbd47fc00a2c39e90264f33305004495a9","hash":"4d9f7fd735c2d31843f64cd27b47609bbc5cb68a"}
,"/Users/lukaszkulpaczynski/Desktop/praca/stone-guide-app/stone-guide-app/backend/src/routes/pricing.js": {"path":"/Users/lukaszkulpaczynski/Desktop/praca/stone-guide-app/stone-guide-app/backend/src/routes/pricing.js","statementMap":{"0":{"start":{"line":1,"column":16},"end":{"line":1,"column":34}},"1":{"start":{"line":4,"column":4},"end":{"line":4,"column":47}},"2":{"start":{"line":5,"column":17},"end":{"line":5,"column":47}},"3":{"start":{"line":7,"column":15},"end":{"line":7,"column":31}},"4":{"start":{"line":63,"column":0},"end":{"line":63,"column":53}},"5":{"start":{"line":65,"column":0},"end":{"line":65,"column":24}}},"fnMap":{},"branchMap":{},"s":{"0":5,"1":5,"2":5,"3":5,"4":5,"5":5},"f":{},"b":{},"_coverageSchema":"1a1c01bbd47fc00a2c39e90264f33305004495a9","hash":"a67b567e225c8478f26e8f78c7a0bf4c07106604"}
,"/Users/lukaszkulpaczynski/Desktop/praca/stone-guide-app/stone-guide-app/backend/src/routes/stones.js": {"path":"/Users/lukaszkulpaczynski/Desktop/praca/stone-guide-app/stone-guide-app/backend/src/routes/stones.js","statementMap":{"0":{"start":{"line":1,"column":16},"end":{"line":1,"column":34}},"1":{"start":{"line":10,"column":4},"end":{"line":10,"column":45}},"2":{"start":{"line":11,"column":17},"end":{"line":11,"column":47}},"3":{"start":{"line":12,"column":22},"end":{"line":12,"column":61}},"4":{"start":{"line":14,"column":15},"end":{"line":14,"column":31}},"5":{"start":{"line":34,"column":0},"end":{"line":34,"column":27}},"6":{"start":{"line":60,"column":0},"end":{"line":60,"column":36}},"7":{"start":{"line":77,"column":0},"end":{"line":77,"column":58}},"8":{"start":{"line":97,"column":0},"end":{"line":97,"column":57}},"9":{"start":{"line":119,"column":0},"end":{"line":119,"column":33}},"10":{"start":{"line":171,"column":0},"end":{"line":171,"column":64}},"11":{"start":{"line":199,"column":0},"end":{"line":199,"column":49}},"12":{"start":{"line":201,"column":0},"end":{"line":201,"column":24}}},"fnMap":{},"branchMap":{},"s":{"0":5,"1":5,"2":5,"3":5,"4":5,"5":5,"6":5,"7":5,"8":5,"9":5,"10":5,"11":5,"12":5},"f":{},"b":{},"_coverageSchema":"1a1c01bbd47fc00a2c39e90264f33305004495a9","hash":"8135d07a303ec1964cd23ffd56abc1ce84e8bf5a"}
,"/Users/lukaszkulpaczynski/Desktop/praca/stone-guide-app/stone-guide-app/backend/src/services/pricingService.js": {"path":"/Users/lukaszkulpaczynski/Desktop/praca/stone-guide-app/stone-guide-app/backend/src/services/pricingService.js","statementMap":{"0":{"start":{"line":1,"column":14},"end":{"line":1,"column":40}},"1":{"start":{"line":2,"column":24},"end":{"line":2,"column":55}},"2":{"start":{"line":3,"column":28},"end":{"line":3,"column":60}},"3":{"start":{"line":4,"column":37},"end":{"line":4,"column":67}},"4":{"start":{"line":5,"column":15},"end":{"line":5,"column":42}},"5":{"start":{"line":7,"column":23},"end":{"line":45,"column":1}},"6":{"start":{"line":8,"column":2},"end":{"line":8,"column":35}},"7":{"start":{"line":10,"column":71},"end":{"line":10,"column":77}},"8":{"start":{"line":12,"column":16},"end":{"line":12,"column":45}},"9":{"start":{"line":13,"column":2},"end":{"line":18,"column":3}},"10":{"start":{"line":14,"column":4},"end":{"line":14,"column":55}},"11":{"start":{"line":15,"column":18},"end":{"line":15,"column":47}},"12":{"start":{"line":16,"column":4},"end":{"line":16,"column":23}},"13":{"start":{"line":17,"column":4},"end":{"line":17,"column":16}},"14":{"start":{"line":20,"column":17},"end":{"line":20,"column":49}},"15":{"start":{"line":21,"column":2},"end":{"line":24,"column":3}},"16":{"start":{"line":22,"column":4},"end":{"line":22,"column":50}},"17":{"start":{"line":23,"column":4},"end":{"line":23,"column":46}},"18":{"start":{"line":27,"column":4},"end":{"line":27,"column":69}},"19":{"start":{"line":28,"column":31},"end":{"line":28,"column":54}},"20":{"start":{"line":31,"column":4},"end":{"line":31,"column":76}},"21":{"start":{"line":33,"column":22},"end":{"line":33,"column":74}},"22":{"start":{"line":34,"column":22},"end":{"line":34,"column":66}},"23":{"start":{"line":35,"column":22},"end":{"line":35,"column":66}},"24":{"start":{"line":37,"column":2},"end":{"line":37,"column":71}},"25":{"start":{"line":39,"column":2},"end":{"line":44,"column":4}},"26":{"start":{"line":47,"column":0},"end":{"line":47,"column":36}}},"fnMap":{"0":{"name":"(anonymous_0)","decl":{"start":{"line":7,"column":23},"end":{"line":7,"column":24}},"loc":{"start":{"line":7,"column":41},"end":{"line":45,"column":1}},"line":7}},"branchMap":{"0":{"loc":{"start":{"line":13,"column":2},"end":{"line":18,"column":3}},"type":"if","locations":[{"start":{"line":13,"column":2},"end":{"line":18,"column":3}},{"start":{},"end":{}}],"line":13},"1":{"loc":{"start":{"line":21,"column":2},"end":{"line":24,"column":3}},"type":"if","locations":[{"start":{"line":21,"column":2},"end":{"line":24,"column":3}},{"start":{},"end":{}}],"line":21},"2":{"loc":{"start":{"line":27,"column":4},"end":{"line":27,"column":69}},"type":"cond-expr","locations":[{"start":{"line":27,"column":26},"end":{"line":27,"column":46}},{"start":{"line":27,"column":49},"end":{"line":27,"column":69}}],"line":27},"3":{"loc":{"start":{"line":31,"column":4},"end":{"line":31,"column":76}},"type":"cond-expr","locations":[{"start":{"line":31,"column":49},"end":{"line":31,"column":72}},{"start":{"line":31,"column":75},"end":{"line":31,"column":76}}],"line":31},"4":{"loc":{"start":{"line":31,"column":4},"end":{"line":31,"column":46}},"type":"binary-expr","locations":[{"start":{"line":31,"column":4},"end":{"line":31,"column":19}},{"start":{"line":31,"column":23},"end":{"line":31,"column":46}}],"line":31}},"s":{"0":5,"1":5,"2":5,"3":5,"4":5,"5":5,"6":14,"7":9,"8":9,"9":8,"10":1,"11":1,"12":1,"13":1,"14":7,"15":7,"16":1,"17":1,"18":6,"19":6,"20":6,"21":6,"22":6,"23":6,"24":6,"25":6,"26":5},"f":{"0":14},"b":{"0":[1,7],"1":[1,6],"2":[5,1],"3":[1,5],"4":[6,1]},"_coverageSchema":"1a1c01bbd47fc00a2c39e90264f33305004495a9","hash":"132a01796837117ad679e452a1c4e5fba44865ff"}
,"/Users/lukaszkulpaczynski/Desktop/praca/stone-guide-app/stone-guide-app/backend/src/services/stoneService.js": {"path":"/Users/lukaszkulpaczynski/Desktop/praca/stone-guide-app/stone-guide-app/backend/src/services/stoneService.js","statementMap":{"0":{"start":{"line":1,"column":14},"end":{"line":1,"column":40}},"1":{"start":{"line":2,"column":29},"end":{"line":2,"column":61}},"2":{"start":{"line":4,"column":25},"end":{"line":19,"column":1}},"3":{"start":{"line":5,"column":47},"end":{"line":5,"column":52}},"4":{"start":{"line":6,"column":17},"end":{"line":6,"column":42}},"5":{"start":{"line":8,"column":17},"end":{"line":10,"column":27}},"6":{"start":{"line":12,"column":16},"end":{"line":12,"column":50}},"7":{"start":{"line":13,"column":2},"end":{"line":18,"column":4}},"8":{"start":{"line":21,"column":28},"end":{"line":23,"column":1}},"9":{"start":{"line":22,"column":2},"end":{"line":22,"column":28}},"10":{"start":{"line":25,"column":27},"end":{"line":27,"column":1}},"11":{"start":{"line":26,"column":2},"end":{"line":26,"column":33}},"12":{"start":{"line":29,"column":28},"end":{"line":44,"column":1}},"13":{"start":{"line":30,"column":17},"end":{"line":30,"column":19}},"14":{"start":{"line":32,"column":2},"end":{"line":37,"column":3}},"15":{"start":{"line":33,"column":24},"end":{"line":33,"column":49}},"16":{"start":{"line":34,"column":4},"end":{"line":36,"column":8}},"17":{"start":{"line":34,"column":45},"end":{"line":36,"column":5}},"18":{"start":{"line":39,"column":2},"end":{"line":41,"column":3}},"19":{"start":{"line":40,"column":4},"end":{"line":40,"column":45}},"20":{"start":{"line":43,"column":2},"end":{"line":43,"column":28}},"21":{"start":{"line":46,"column":36},"end":{"line":54,"column":1}},"22":{"start":{"line":47,"column":16},"end":{"line":47,"column":40}},"23":{"start":{"line":48,"column":2},"end":{"line":48,"column":26}},"24":{"start":{"line":48,"column":14},"end":{"line":48,"column":26}},"25":{"start":{"line":49,"column":2},"end":{"line":53,"column":14}},"26":{"start":{"line":56,"column":0},"end":{"line":62,"column":2}}},"fnMap":{"0":{"name":"(anonymous_0)","decl":{"start":{"line":4,"column":25},"end":{"line":4,"column":26}},"loc":{"start":{"line":4,"column":42},"end":{"line":19,"column":1}},"line":4},"1":{"name":"(anonymous_1)","decl":{"start":{"line":21,"column":28},"end":{"line":21,"column":29}},"loc":{"start":{"line":21,"column":42},"end":{"line":23,"column":1}},"line":21},"2":{"name":"(anonymous_2)","decl":{"start":{"line":25,"column":27},"end":{"line":25,"column":28}},"loc":{"start":{"line":25,"column":48},"end":{"line":27,"column":1}},"line":25},"3":{"name":"(anonymous_3)","decl":{"start":{"line":29,"column":28},"end":{"line":29,"column":29}},"loc":{"start":{"line":29,"column":52},"end":{"line":44,"column":1}},"line":29},"4":{"name":"(anonymous_4)","decl":{"start":{"line":34,"column":34},"end":{"line":34,"column":35}},"loc":{"start":{"line":34,"column":45},"end":{"line":36,"column":5}},"line":34},"5":{"name":"(anonymous_5)","decl":{"start":{"line":46,"column":36},"end":{"line":46,"column":37}},"loc":{"start":{"line":46,"column":50},"end":{"line":54,"column":1}},"line":46}},"branchMap":{"0":{"loc":{"start":{"line":5,"column":10},"end":{"line":5,"column":18}},"type":"default-arg","locations":[{"start":{"line":5,"column":17},"end":{"line":5,"column":18}}],"line":5},"1":{"loc":{"start":{"line":5,"column":20},"end":{"line":5,"column":30}},"type":"default-arg","locations":[{"start":{"line":5,"column":28},"end":{"line":5,"column":30}}],"line":5},"2":{"loc":{"start":{"line":32,"column":2},"end":{"line":37,"column":3}},"type":"if","locations":[{"start":{"line":32,"column":2},"end":{"line":37,"column":3}},{"start":{},"end":{}}],"line":32},"3":{"loc":{"start":{"line":39,"column":2},"end":{"line":41,"column":3}},"type":"if","locations":[{"start":{"line":39,"column":2},"end":{"line":41,"column":3}},{"start":{},"end":{}}],"line":39},"4":{"loc":{"start":{"line":39,"column":6},"end":{"line":39,"column":40}},"type":"binary-expr","locations":[{"start":{"line":39,"column":6},"end":{"line":39,"column":11}},{"start":{"line":39,"column":15},"end":{"line":39,"column":40}}],"line":39},"5":{"loc":{"start":{"line":48,"column":2},"end":{"line":48,"column":26}},"type":"if","locations":[{"start":{"line":48,"column":2},"end":{"line":48,"column":26}},{"start":{},"end":{}}],"line":48}},"s":{"0":5,"1":5,"2":5,"3":6,"4":6,"5":6,"6":5,"7":5,"8":5,"9":3,"10":5,"11":2,"12":5,"13":5,"14":5,"15":5,"16":5,"17":9,"18":5,"19":1,"20":5,"21":5,"22":3,"23":2,"24":1,"25":1,"26":5},"f":{"0":6,"1":3,"2":2,"3":5,"4":9,"5":3},"b":{"0":[5],"1":[5],"2":[5,0],"3":[1,4],"4":[5,1],"5":[1,1]},"_coverageSchema":"1a1c01bbd47fc00a2c39e90264f33305004495a9","hash":"bbdde108240f6729cb1bfd4aadbf876757649839"}
,"/Users/lukaszkulpaczynski/Desktop/praca/stone-guide-app/stone-guide-app/backend/src/utils/convertToM2.js": {"path":"/Users/lukaszkulpaczynski/Desktop/praca/stone-guide-app/stone-guide-app/backend/src/utils/convertToM2.js","statementMap":{"0":{"start":{"line":1,"column":20},"end":{"line":12,"column":1}},"1":{"start":{"line":2,"column":2},"end":{"line":10,"column":3}},"2":{"start":{"line":3,"column":4},"end":{"line":3,"column":42}},"3":{"start":{"line":4,"column":9},"end":{"line":10,"column":3}},"4":{"start":{"line":5,"column":4},"end":{"line":5,"column":26}},"5":{"start":{"line":6,"column":9},"end":{"line":10,"column":3}},"6":{"start":{"line":7,"column":4},"end":{"line":7,"column":26}},"7":{"start":{"line":8,"column":9},"end":{"line":10,"column":3}},"8":{"start":{"line":9,"column":4},"end":{"line":9,"column":18}},"9":{"start":{"line":11,"column":2},"end":{"line":11,"column":14}},"10":{"start":{"line":14,"column":0},"end":{"line":14,"column":33}}},"fnMap":{"0":{"name":"(anonymous_0)","decl":{"start":{"line":1,"column":20},"end":{"line":1,"column":21}},"loc":{"start":{"line":1,"column":45},"end":{"line":12,"column":1}},"line":1}},"branchMap":{"0":{"loc":{"start":{"line":2,"column":2},"end":{"line":10,"column":3}},"type":"if","locations":[{"start":{"line":2,"column":2},"end":{"line":10,"column":3}},{"start":{"line":4,"column":9},"end":{"line":10,"column":3}}],"line":2},"1":{"loc":{"start":{"line":4,"column":9},"end":{"line":10,"column":3}},"type":"if","locations":[{"start":{"line":4,"column":9},"end":{"line":10,"column":3}},{"start":{"line":6,"column":9},"end":{"line":10,"column":3}}],"line":4},"2":{"loc":{"start":{"line":6,"column":9},"end":{"line":10,"column":3}},"type":"if","locations":[{"start":{"line":6,"column":9},"end":{"line":10,"column":3}},{"start":{"line":8,"column":9},"end":{"line":10,"column":3}}],"line":6},"3":{"loc":{"start":{"line":8,"column":9},"end":{"line":10,"column":3}},"type":"if","locations":[{"start":{"line":8,"column":9},"end":{"line":10,"column":3}},{"start":{},"end":{}}],"line":8}},"s":{"0":5,"1":10,"2":6,"3":4,"4":1,"5":3,"6":1,"7":2,"8":1,"9":1,"10":5},"f":{"0":10},"b":{"0":[6,4],"1":[1,3],"2":[1,2],"3":[1,1]},"_coverageSchema":"1a1c01bbd47fc00a2c39e90264f33305004495a9","hash":"9eb038815c0e4d50c27367d4de6a055850c6376c"}
,"/Users/lukaszkulpaczynski/Desktop/praca/stone-guide-app/stone-guide-app/backend/src/utils/exchangeRate.js": {"path":"/Users/lukaszkulpaczynski/Desktop/praca/stone-guide-app/stone-guide-app/backend/src/utils/exchangeRate.js","statementMap":{"0":{"start":{"line":1,"column":14},"end":{"line":1,"column":30}},"1":{"start":{"line":2,"column":14},"end":{"line":2,"column":40}},"2":{"start":{"line":3,"column":15},"end":{"line":3,"column":42}},"3":{"start":{"line":5,"column":24},"end":{"line":5,"column":29}},"4":{"start":{"line":7,"column":24},"end":{"line":34,"column":1}},"5":{"start":{"line":8,"column":2},"end":{"line":33,"column":3}},"6":{"start":{"line":9,"column":24},"end":{"line":9,"column":57}},"7":{"start":{"line":10,"column":4},"end":{"line":13,"column":5}},"8":{"start":{"line":11,"column":6},"end":{"line":11,"column":57}},"9":{"start":{"line":12,"column":6},"end":{"line":12,"column":37}},"10":{"start":{"line":15,"column":21},"end":{"line":17,"column":5}},"11":{"start":{"line":18,"column":20},"end":{"line":18,"column":41}},"12":{"start":{"line":19,"column":20},"end":{"line":19,"column":41}},"13":{"start":{"line":21,"column":4},"end":{"line":26,"column":6}},"14":{"start":{"line":28,"column":4},"end":{"line":28,"column":53}},"15":{"start":{"line":29,"column":4},"end":{"line":29,"column":32}},"16":{"start":{"line":31,"column":4},"end":{"line":31,"column":58}},"17":{"start":{"line":32,"column":4},"end":{"line":32,"column":43}},"18":{"start":{"line":36,"column":0},"end":{"line":36,"column":37}}},"fnMap":{"0":{"name":"(anonymous_0)","decl":{"start":{"line":7,"column":24},"end":{"line":7,"column":25}},"loc":{"start":{"line":7,"column":36},"end":{"line":34,"column":1}},"line":7}},"branchMap":{"0":{"loc":{"start":{"line":10,"column":4},"end":{"line":13,"column":5}},"type":"if","locations":[{"start":{"line":10,"column":4},"end":{"line":13,"column":5}},{"start":{},"end":{}}],"line":10}},"s":{"0":5,"1":5,"2":5,"3":5,"4":5,"5":9,"6":9,"7":9,"8":6,"9":6,"10":3,"11":2,"12":2,"13":2,"14":2,"15":2,"16":1,"17":1,"18":5},"f":{"0":9},"b":{"0":[6,3]},"_coverageSchema":"1a1c01bbd47fc00a2c39e90264f33305004495a9","hash":"a8574ef1f1bbda244f3110a0eff24d60149d8ab4"}
,"/Users/lukaszkulpaczynski/Desktop/praca/stone-guide-app/stone-guide-app/backend/src/utils/stoneFilters.js": {"path":"/Users/lukaszkulpaczynski/Desktop/praca/stone-guide-app/stone-guide-app/backend/src/utils/stoneFilters.js","statementMap":{"0":{"start":{"line":1,"column":25},"end":{"line":17,"column":1}},"1":{"start":{"line":2,"column":17},"end":{"line":2,"column":19}},"2":{"start":{"line":4,"column":2},"end":{"line":4,"column":31}},"3":{"start":{"line":4,"column":12},"end":{"line":4,"column":31}},"4":{"start":{"line":5,"column":2},"end":{"line":5,"column":34}},"5":{"start":{"line":5,"column":13},"end":{"line":5,"column":34}},"6":{"start":{"line":6,"column":2},"end":{"line":12,"column":3}},"7":{"start":{"line":7,"column":4},"end":{"line":7,"column":31}},"8":{"start":{"line":16,"column":2},"end":{"line":16,"column":16}},"9":{"start":{"line":19,"column":0},"end":{"line":19,"column":38}}},"fnMap":{"0":{"name":"(anonymous_0)","decl":{"start":{"line":1,"column":25},"end":{"line":1,"column":26}},"loc":{"start":{"line":1,"column":73},"end":{"line":17,"column":1}},"line":1}},"branchMap":{"0":{"loc":{"start":{"line":4,"column":2},"end":{"line":4,"column":31}},"type":"if","locations":[{"start":{"line":4,"column":2},"end":{"line":4,"column":31}},{"start":{},"end":{}}],"line":4},"1":{"loc":{"start":{"line":5,"column":2},"end":{"line":5,"column":34}},"type":"if","locations":[{"start":{"line":5,"column":2},"end":{"line":5,"column":34}},{"start":{},"end":{}}],"line":5},"2":{"loc":{"start":{"line":6,"column":2},"end":{"line":12,"column":3}},"type":"if","locations":[{"start":{"line":6,"column":2},"end":{"line":12,"column":3}},{"start":{},"end":{}}],"line":6},"3":{"loc":{"start":{"line":6,"column":6},"end":{"line":6,"column":26}},"type":"binary-expr","locations":[{"start":{"line":6,"column":6},"end":{"line":6,"column":14}},{"start":{"line":6,"column":18},"end":{"line":6,"column":26}}],"line":6}},"s":{"0":5,"1":6,"2":6,"3":1,"4":6,"5":1,"6":6,"7":2,"8":6,"9":5},"f":{"0":6},"b":{"0":[1,5],"1":[1,5],"2":[2,4],"3":[6,4]},"_coverageSchema":"1a1c01bbd47fc00a2c39e90264f33305004495a9","hash":"c957cdec041adee78e7edce8c2be7d0f9592c78a"}
,"/Users/lukaszkulpaczynski/Desktop/praca/stone-guide-app/stone-guide-app/backend/src/utils/validation.js": {"path":"/Users/lukaszkulpaczynski/Desktop/praca/stone-guide-app/stone-guide-app/backend/src/utils/validation.js","statementMap":{"0":{"start":{"line":1,"column":17},"end":{"line":1,"column":36}},"1":{"start":{"line":2,"column":15},"end":{"line":2,"column":42}},"2":{"start":{"line":4,"column":33},"end":{"line":36,"column":1}},"3":{"start":{"line":12,"column":2},"end":{"line":16,"column":3}},"4":{"start":{"line":13,"column":4},"end":{"line":15,"column":6}},"5":{"start":{"line":18,"column":2},"end":{"line":21,"column":3}},"6":{"start":{"line":19,"column":4},"end":{"line":19,"column":66}},"7":{"start":{"line":20,"column":4},"end":{"line":20,"column":64}},"8":{"start":{"line":23,"column":2},"end":{"line":25,"column":3}},"9":{"start":{"line":24,"column":4},"end":{"line":24,"column":52}},"10":{"start":{"line":27,"column":2},"end":{"line":29,"column":3}},"11":{"start":{"line":28,"column":4},"end":{"line":28,"column":48}},"12":{"start":{"line":31,"column":2},"end":{"line":33,"column":3}},"13":{"start":{"line":32,"column":4},"end":{"line":32,"column":58}},"14":{"start":{"line":35,"column":2},"end":{"line":35,"column":14}},"15":{"start":{"line":38,"column":0},"end":{"line":38,"column":46}}},"fnMap":{"0":{"name":"(anonymous_0)","decl":{"start":{"line":4,"column":33},"end":{"line":4,"column":34}},"loc":{"start":{"line":11,"column":6},"end":{"line":36,"column":1}},"line":11}},"branchMap":{"0":{"loc":{"start":{"line":12,"column":2},"end":{"line":16,"column":3}},"type":"if","locations":[{"start":{"line":12,"column":2},"end":{"line":16,"column":3}},{"start":{},"end":{}}],"line":12},"1":{"loc":{"start":{"line":12,"column":6},"end":{"line":12,"column":58}},"type":"binary-expr","locations":[{"start":{"line":12,"column":6},"end":{"line":12,"column":14}},{"start":{"line":12,"column":18},"end":{"line":12,"column":25}},{"start":{"line":12,"column":29},"end":{"line":12,"column":35}},{"start":{"line":12,"column":39},"end":{"line":12,"column":44}},{"start":{"line":12,"column":48},"end":{"line":12,"column":58}}],"line":12},"2":{"loc":{"start":{"line":18,"column":2},"end":{"line":21,"column":3}},"type":"if","locations":[{"start":{"line":18,"column":2},"end":{"line":21,"column":3}},{"start":{},"end":{}}],"line":18},"3":{"loc":{"start":{"line":23,"column":2},"end":{"line":25,"column":3}},"type":"if","locations":[{"start":{"line":23,"column":2},"end":{"line":25,"column":3}},{"start":{},"end":{}}],"line":23},"4":{"loc":{"start":{"line":23,"column":6},"end":{"line":23,"column":31}},"type":"binary-expr","locations":[{"start":{"line":23,"column":6},"end":{"line":23,"column":17}},{"start":{"line":23,"column":21},"end":{"line":23,"column":31}}],"line":23},"5":{"loc":{"start":{"line":27,"column":2},"end":{"line":29,"column":3}},"type":"if","locations":[{"start":{"line":27,"column":2},"end":{"line":29,"column":3}},{"start":{},"end":{}}],"line":27},"6":{"loc":{"start":{"line":31,"column":2},"end":{"line":33,"column":3}},"type":"if","locations":[{"start":{"line":31,"column":2},"end":{"line":33,"column":3}},{"start":{},"end":{}}],"line":31},"7":{"loc":{"start":{"line":31,"column":6},"end":{"line":31,"column":61}},"type":"binary-expr","locations":[{"start":{"line":31,"column":6},"end":{"line":31,"column":35}},{"start":{"line":31,"column":39},"end":{"line":31,"column":61}}],"line":31}},"s":{"0":5,"1":5,"2":5,"3":14,"4":1,"5":13,"6":1,"7":1,"8":12,"9":1,"10":11,"11":1,"12":10,"13":1,"14":9,"15":5},"f":{"0":14},"b":{"0":[1,13],"1":[14,14,14,14,14],"2":[1,12],"3":[1,11],"4":[12,11],"5":[1,10],"6":[1,9],"7":[10,2]},"_coverageSchema":"1a1c01bbd47fc00a2c39e90264f33305004495a9","hash":"9710981e7762052764d8fab870623bc65b7cecf2"}
}
