TN:
SF:src/server.js
FN:21,(anonymous_0)
FN:28,(anonymous_1)
FNF:2
FNH:2
FNDA:44,(anonymous_0)
FNDA:3,(anonymous_1)
DA:1,4
DA:2,4
DA:3,4
DA:4,4
DA:5,4
DA:6,4
DA:7,4
DA:8,4
DA:9,4
DA:10,4
DA:11,4
DA:12,4
DA:13,4
DA:15,4
DA:17,4
DA:18,4
DA:19,4
DA:21,4
DA:22,44
DA:23,44
DA:26,4
DA:27,4
DA:28,4
DA:29,3
DA:32,4
DA:49,4
DA:50,4
DA:52,4
DA:54,4
DA:56,4
DA:68,4
LF:31
LH:31
BRF:0
BRH:0
end_of_record
TN:
SF:src/config/database.js
FN:5,(anonymous_0)
FNF:1
FNH:1
FNDA:7,(anonymous_0)
DA:1,4
DA:2,4
DA:3,4
DA:5,4
DA:6,7
DA:7,2
DA:8,2
DA:10,1
DA:12,1
DA:13,1
DA:17,4
LF:11
LH:11
BRDA:6,0,0,5
BRDA:6,0,1,2
BRF:2
BRH:2
end_of_record
TN:
SF:src/config/logger.js
FNF:0
FNH:0
DA:1,2
DA:3,2
DA:16,2
LF:3
LH:3
BRF:0
BRH:0
end_of_record
TN:
SF:src/config/redis.js
FN:8,(anonymous_0)
FN:12,(anonymous_1)
FNF:2
FNH:2
FNDA:35,(anonymous_0)
FNDA:1,(anonymous_1)
DA:1,7
DA:3,7
DA:8,7
DA:9,35
DA:12,7
DA:13,1
DA:16,7
LF:7
LH:7
BRDA:4,0,0,7
BRDA:4,0,1,7
BRDA:5,1,0,7
BRDA:5,1,1,7
BRF:4
BRH:4
end_of_record
TN:
SF:src/controllers/pricingController.js
FN:4,(anonymous_0)
FNF:1
FNH:1
FNDA:15,(anonymous_0)
DA:1,4
DA:2,4
DA:4,4
DA:5,15
DA:6,15
DA:7,6
DA:9,9
DA:11,9
DA:12,9
DA:13,9
DA:17,4
LF:11
LH:11
BRDA:11,0,0,9
BRDA:11,0,1,8
BRDA:11,1,0,1
BRDA:11,1,1,7
BRDA:12,2,0,1
BRDA:12,2,1,8
BRF:6
BRH:6
end_of_record
TN:
SF:src/controllers/stoneController.js
FN:10,(anonymous_0)
FN:21,(anonymous_1)
FN:35,(anonymous_2)
FN:67,(anonymous_3)
FN:91,(anonymous_4)
FNF:5
FNH:5
FNDA:6,(anonymous_0)
FNDA:3,(anonymous_1)
FNDA:5,(anonymous_2)
FNDA:6,(anonymous_3)
FNDA:3,(anonymous_4)
DA:1,4
DA:8,4
DA:10,4
DA:11,6
DA:12,6
DA:13,5
DA:14,5
DA:16,1
DA:17,1
DA:21,4
DA:22,3
DA:23,3
DA:24,2
DA:25,1
DA:26,1
DA:28,1
DA:30,1
DA:31,1
DA:35,4
DA:36,5
DA:45,5
DA:47,5
DA:48,2
DA:49,2
DA:51,3
DA:52,1
DA:53,1
DA:58,2
DA:59,1
DA:60,1
DA:62,1
DA:63,1
DA:67,4
DA:68,6
DA:69,6
DA:70,6
DA:71,1
DA:72,1
DA:75,5
DA:76,4
DA:77,1
DA:78,1
DA:80,3
DA:84,3
DA:86,1
DA:87,1
DA:91,4
DA:92,3
DA:93,3
DA:94,2
DA:95,1
DA:96,1
DA:98,1
DA:102,1
DA:104,1
DA:105,1
DA:109,4
LF:57
LH:57
BRDA:24,0,0,1
BRDA:24,0,1,1
BRDA:47,1,0,2
BRDA:47,1,1,3
BRDA:47,2,0,5
BRDA:47,2,1,5
BRDA:47,2,2,3
BRDA:47,2,3,3
BRDA:47,2,4,3
BRDA:51,3,0,1
BRDA:51,3,1,2
BRDA:51,4,0,3
BRDA:51,4,1,1
BRDA:70,5,0,1
BRDA:70,5,1,5
BRDA:70,6,0,6
BRDA:70,6,1,1
BRDA:76,7,0,1
BRDA:76,7,1,3
BRDA:94,8,0,1
BRDA:94,8,1,1
BRF:21
BRH:21
end_of_record
TN:
SF:src/middlewares/errorMiddleware.js
FN:3,(anonymous_0)
FNF:1
FNH:1
FNDA:5,(anonymous_0)
DA:1,5
DA:3,5
DA:4,5
DA:7,5
DA:9,5
DA:15,5
LF:6
LH:6
BRDA:7,0,0,5
BRDA:7,0,1,4
BRDA:7,1,0,4
BRDA:7,1,1,0
BRDA:10,2,0,5
BRDA:10,2,1,0
BRDA:11,3,0,2
BRDA:11,3,1,3
BRDA:11,4,0,3
BRDA:11,4,1,0
BRF:10
BRH:7
end_of_record
TN:
SF:src/models/Stone.js
FN:14,(anonymous_0)
FN:20,(anonymous_1)
FNF:2
FNH:2
FNDA:5,(anonymous_0)
FNDA:5,(anonymous_1)
DA:1,4
DA:3,4
DA:15,5
DA:21,5
DA:36,4
LF:5
LH:5
BRF:0
BRH:0
end_of_record
TN:
SF:src/routes/pricing.js
FNF:0
FNH:0
DA:1,4
DA:4,4
DA:6,4
DA:34,4
DA:36,4
LF:5
LH:5
BRF:0
BRH:0
end_of_record
TN:
SF:src/routes/stones.js
FNF:0
FNH:0
DA:1,4
DA:8,4
DA:10,4
DA:29,4
DA:48,4
DA:67,4
DA:79,4
DA:107,4
DA:109,4
LF:9
LH:9
BRF:0
BRH:0
end_of_record
TN:
SF:src/services/pricingService.js
FN:7,(anonymous_0)
FNF:1
FNH:1
FNDA:15,(anonymous_0)
DA:1,4
DA:2,4
DA:3,4
DA:4,4
DA:5,4
DA:7,4
DA:8,15
DA:10,9
DA:12,9
DA:13,8
DA:14,1
DA:15,1
DA:16,1
DA:17,1
DA:20,7
DA:21,7
DA:22,1
DA:23,1
DA:27,6
DA:28,6
DA:31,6
DA:33,6
DA:34,6
DA:35,6
DA:37,6
DA:39,6
DA:47,4
LF:27
LH:27
BRDA:13,0,0,1
BRDA:13,0,1,7
BRDA:21,1,0,1
BRDA:21,1,1,6
BRDA:27,2,0,5
BRDA:27,2,1,1
BRDA:31,3,0,1
BRDA:31,3,1,5
BRDA:31,4,0,6
BRDA:31,4,1,1
BRF:10
BRH:10
end_of_record
TN:
SF:src/services/stoneService.js
FN:4,(anonymous_0)
FN:21,(anonymous_1)
FN:25,(anonymous_2)
FN:29,(anonymous_3)
FN:38,(anonymous_4)
FNF:5
FNH:5
FNDA:6,(anonymous_0)
FNDA:3,(anonymous_1)
FNDA:2,(anonymous_2)
FNDA:5,(anonymous_3)
FNDA:3,(anonymous_4)
DA:1,4
DA:2,4
DA:4,4
DA:5,6
DA:6,6
DA:8,6
DA:12,5
DA:13,5
DA:21,4
DA:22,3
DA:25,4
DA:26,2
DA:29,4
DA:30,5
DA:31,5
DA:32,5
DA:33,1
DA:35,5
DA:38,4
DA:39,3
DA:40,2
DA:41,1
DA:48,4
LF:23
LH:23
BRDA:5,0,0,5
BRDA:5,1,0,5
BRDA:31,2,0,5
BRDA:31,2,1,0
BRDA:32,3,0,1
BRDA:32,3,1,4
BRDA:32,4,0,5
BRDA:32,4,1,1
BRDA:40,5,0,1
BRDA:40,5,1,1
BRF:10
BRH:9
end_of_record
TN:
SF:src/utils/convertToM2.js
FN:1,(anonymous_0)
FNF:1
FNH:1
FNDA:10,(anonymous_0)
DA:1,4
DA:2,10
DA:3,6
DA:4,4
DA:5,1
DA:6,3
DA:7,1
DA:8,2
DA:9,1
DA:11,1
DA:14,4
LF:11
LH:11
BRDA:2,0,0,6
BRDA:2,0,1,4
BRDA:4,1,0,1
BRDA:4,1,1,3
BRDA:6,2,0,1
BRDA:6,2,1,2
BRDA:8,3,0,1
BRDA:8,3,1,1
BRF:8
BRH:8
end_of_record
TN:
SF:src/utils/exchangeRate.js
FN:7,(anonymous_0)
FNF:1
FNH:1
FNDA:9,(anonymous_0)
DA:1,4
DA:2,4
DA:3,4
DA:5,4
DA:7,4
DA:8,9
DA:9,9
DA:10,9
DA:11,6
DA:12,6
DA:15,3
DA:18,2
DA:19,2
DA:21,2
DA:28,2
DA:29,2
DA:31,1
DA:32,1
DA:36,4
LF:19
LH:19
BRDA:10,0,0,6
BRDA:10,0,1,3
BRF:2
BRH:2
end_of_record
TN:
SF:src/utils/stoneFilters.js
FN:1,(anonymous_0)
FNF:1
FNH:1
FNDA:6,(anonymous_0)
DA:1,4
DA:2,6
DA:4,6
DA:5,6
DA:6,6
DA:7,2
DA:16,6
DA:19,4
LF:8
LH:8
BRDA:4,0,0,1
BRDA:4,0,1,5
BRDA:5,1,0,1
BRDA:5,1,1,5
BRDA:6,2,0,2
BRDA:6,2,1,4
BRDA:6,3,0,6
BRDA:6,3,1,4
BRF:8
BRH:8
end_of_record
TN:
SF:src/utils/validation.js
FN:4,(anonymous_0)
FNF:1
FNH:1
FNDA:15,(anonymous_0)
DA:1,4
DA:2,4
DA:4,4
DA:12,15
DA:13,1
DA:18,14
DA:19,1
DA:20,1
DA:23,13
DA:24,1
DA:27,12
DA:28,2
DA:31,10
DA:32,1
DA:35,9
DA:38,4
LF:16
LH:16
BRDA:12,0,0,1
BRDA:12,0,1,14
BRDA:12,1,0,15
BRDA:12,1,1,15
BRDA:12,1,2,15
BRDA:12,1,3,15
BRDA:12,1,4,15
BRDA:18,2,0,1
BRDA:18,2,1,13
BRDA:23,3,0,1
BRDA:23,3,1,12
BRDA:23,4,0,13
BRDA:23,4,1,12
BRDA:27,5,0,2
BRDA:27,5,1,10
BRDA:31,6,0,1
BRDA:31,6,1,9
BRDA:31,7,0,10
BRDA:31,7,1,2
BRF:19
BRH:19
end_of_record
