TN:
SF:src/server.js
FN:30,(anonymous_0)
FN:37,(anonymous_1)
FNF:2
FNH:2
FNDA:51,(anonymous_0)
FNDA:3,(anonymous_1)
DA:1,5
DA:2,5
DA:3,5
DA:4,5
DA:5,5
DA:6,5
DA:7,5
DA:8,5
DA:9,5
DA:10,5
DA:11,5
DA:12,5
DA:13,5
DA:14,5
DA:16,5
DA:18,5
DA:25,5
DA:27,5
DA:28,5
DA:30,5
DA:31,51
DA:32,51
DA:35,5
DA:36,5
DA:37,5
DA:38,3
DA:41,5
DA:58,5
DA:59,5
DA:61,5
DA:63,5
DA:65,5
DA:77,5
LF:33
LH:33
BRF:0
BRH:0
end_of_record
TN:
SF:src/config/database.js
FN:5,(anonymous_0)
FN:12,(anonymous_1)
FNF:2
FNH:2
FNDA:5,(anonymous_0)
FNDA:9,(anonymous_1)
DA:1,5
DA:2,5
DA:3,5
DA:5,5
DA:6,5
DA:7,5
DA:10,5
DA:12,5
DA:13,9
DA:14,2
DA:15,2
DA:16,1
DA:18,1
DA:19,1
DA:23,5
LF:15
LH:15
BRDA:7,0,0,0
BRDA:7,0,1,5
BRDA:10,1,0,5
BRDA:10,1,1,5
BRDA:13,2,0,7
BRDA:13,2,1,2
BRF:6
BRH:5
end_of_record
TN:
SF:src/config/logger.js
FNF:0
FNH:0
DA:1,3
DA:3,3
DA:16,3
LF:3
LH:3
BRF:0
BRH:0
end_of_record
TN:
SF:src/controllers/pricingController.js
FN:4,(anonymous_0)
FNF:1
FNH:1
FNDA:14,(anonymous_0)
DA:1,5
DA:2,5
DA:4,5
DA:5,14
DA:6,14
DA:7,6
DA:9,8
DA:11,8
DA:12,8
DA:13,8
DA:17,5
LF:11
LH:11
BRDA:11,0,0,8
BRDA:11,0,1,7
BRDA:11,1,0,1
BRDA:11,1,1,6
BRDA:12,2,0,1
BRDA:12,2,1,7
BRF:6
BRH:6
end_of_record
TN:
SF:src/controllers/stoneController.js
FN:11,(anonymous_0)
FN:22,(anonymous_1)
FN:36,(anonymous_2)
FN:68,(anonymous_3)
FN:96,(anonymous_4)
FN:114,(anonymous_5)
FN:139,(anonymous_6)
FNF:7
FNH:7
FNDA:6,(anonymous_0)
FNDA:3,(anonymous_1)
FNDA:5,(anonymous_2)
FNDA:6,(anonymous_3)
FNDA:3,(anonymous_4)
FNDA:3,(anonymous_5)
FNDA:4,(anonymous_6)
DA:1,5
DA:8,5
DA:9,5
DA:11,5
DA:12,6
DA:13,6
DA:14,5
DA:15,5
DA:17,1
DA:18,1
DA:22,5
DA:23,3
DA:24,3
DA:25,2
DA:26,1
DA:27,1
DA:29,1
DA:31,1
DA:32,1
DA:36,5
DA:37,5
DA:46,5
DA:48,5
DA:49,2
DA:50,2
DA:52,3
DA:53,1
DA:54,1
DA:59,2
DA:60,1
DA:61,1
DA:63,1
DA:64,1
DA:68,5
DA:69,6
DA:70,6
DA:73,6
DA:74,6
DA:76,6
DA:77,1
DA:78,1
DA:81,5
DA:83,4
DA:89,4
DA:91,1
DA:92,1
DA:96,5
DA:97,3
DA:98,3
DA:99,2
DA:100,1
DA:101,1
DA:103,1
DA:107,1
DA:109,1
DA:110,1
DA:114,5
DA:115,3
DA:116,3
DA:118,3
DA:120,3
DA:121,3
DA:122,3
DA:123,1
DA:124,1
DA:125,1
DA:128,3
DA:132,2
DA:134,1
DA:135,1
DA:139,5
DA:140,4
DA:141,4
DA:143,4
DA:144,1
DA:149,3
DA:151,2
DA:152,1
DA:155,1
DA:157,1
DA:158,1
DA:162,5
LF:82
LH:82
BRDA:25,0,0,1
BRDA:25,0,1,1
BRDA:48,1,0,2
BRDA:48,1,1,3
BRDA:48,2,0,5
BRDA:48,2,1,5
BRDA:48,2,2,3
BRDA:48,2,3,3
BRDA:48,2,4,3
BRDA:52,3,0,1
BRDA:52,3,1,2
BRDA:52,4,0,3
BRDA:52,4,1,1
BRDA:76,5,0,1
BRDA:76,5,1,5
BRDA:76,6,0,6
BRDA:76,6,1,1
BRDA:99,7,0,1
BRDA:99,7,1,1
BRDA:120,8,0,2
BRDA:120,8,1,1
BRDA:121,9,0,1
BRDA:121,9,1,2
BRDA:122,10,0,1
BRDA:122,10,1,2
BRDA:122,11,0,3
BRDA:122,11,1,2
BRDA:124,12,0,1
BRDA:124,12,1,0
BRDA:125,13,0,1
BRDA:125,13,1,0
BRDA:143,14,0,1
BRDA:143,14,1,3
BRDA:143,15,0,4
BRDA:143,15,1,4
BRDA:151,16,0,1
BRDA:151,16,1,1
BRF:37
BRH:35
end_of_record
TN:
SF:src/middlewares/auth.js
FNF:0
FNH:0
DA:1,2
DA:2,2
DA:4,2
DA:17,2
LF:4
LH:4
BRF:0
BRH:0
end_of_record
TN:
SF:src/middlewares/authorizeRole.js
FN:1,authorizeRole
FN:2,(anonymous_1)
FNF:2
FNH:2
FNDA:8,authorizeRole
FNDA:3,(anonymous_1)
DA:1,6
DA:2,8
DA:3,3
DA:5,3
DA:6,2
DA:11,1
LF:6
LH:6
BRDA:3,0,0,3
BRDA:3,0,1,1
BRDA:5,1,0,2
BRDA:5,1,1,1
BRF:4
BRH:4
end_of_record
TN:
SF:src/middlewares/errorMiddleware.js
FN:3,(anonymous_0)
FNF:1
FNH:1
FNDA:6,(anonymous_0)
DA:1,6
DA:3,6
DA:4,6
DA:7,6
DA:9,6
DA:15,6
LF:6
LH:6
BRDA:7,0,0,6
BRDA:7,0,1,4
BRDA:7,1,0,4
BRDA:7,1,1,0
BRDA:10,2,0,6
BRDA:10,2,1,0
BRDA:11,3,0,2
BRDA:11,3,1,4
BRDA:11,4,0,4
BRDA:11,4,1,0
BRF:10
BRH:7
end_of_record
TN:
SF:src/models/Stone.js
FN:14,(anonymous_0)
FN:20,(anonymous_1)
FNF:2
FNH:2
FNDA:23,(anonymous_0)
FNDA:23,(anonymous_1)
DA:1,5
DA:3,5
DA:15,23
DA:21,23
DA:41,5
LF:5
LH:5
BRF:0
BRH:0
end_of_record
TN:
SF:src/routes/pricing.js
FNF:0
FNH:0
DA:1,5
DA:4,5
DA:5,5
DA:7,5
DA:63,5
DA:65,5
LF:6
LH:6
BRF:0
BRH:0
end_of_record
TN:
SF:src/routes/stones.js
FNF:0
FNH:0
DA:1,5
DA:10,5
DA:11,5
DA:12,5
DA:20,5
DA:39,5
DA:41,5
DA:60,5
DA:79,5
DA:91,5
DA:119,5
DA:136,5
DA:162,5
DA:210,5
DA:262,5
DA:264,5
DA:266,5
LF:17
LH:17
BRF:0
BRH:0
end_of_record
TN:
SF:src/services/pricingService.js
FN:7,(anonymous_0)
FNF:1
FNH:1
FNDA:14,(anonymous_0)
DA:1,5
DA:2,5
DA:3,5
DA:4,5
DA:5,5
DA:7,5
DA:8,14
DA:10,9
DA:12,9
DA:13,8
DA:14,1
DA:15,1
DA:16,1
DA:17,1
DA:20,7
DA:21,7
DA:22,1
DA:23,1
DA:27,6
DA:28,6
DA:31,6
DA:33,6
DA:34,6
DA:35,6
DA:37,6
DA:39,6
DA:47,5
LF:27
LH:27
BRDA:13,0,0,1
BRDA:13,0,1,7
BRDA:21,1,0,1
BRDA:21,1,1,6
BRDA:27,2,0,5
BRDA:27,2,1,1
BRDA:31,3,0,1
BRDA:31,3,1,5
BRDA:31,4,0,6
BRDA:31,4,1,1
BRF:10
BRH:10
end_of_record
TN:
SF:src/services/stoneService.js
FN:4,(anonymous_0)
FN:21,(anonymous_1)
FN:25,(anonymous_2)
FN:29,(anonymous_3)
FN:34,(anonymous_4)
FN:46,(anonymous_5)
FNF:6
FNH:6
FNDA:6,(anonymous_0)
FNDA:3,(anonymous_1)
FNDA:2,(anonymous_2)
FNDA:5,(anonymous_3)
FNDA:9,(anonymous_4)
FNDA:3,(anonymous_5)
DA:1,5
DA:2,5
DA:4,5
DA:5,6
DA:6,6
DA:8,6
DA:12,5
DA:13,5
DA:21,5
DA:22,3
DA:25,5
DA:26,2
DA:29,5
DA:30,5
DA:32,5
DA:33,5
DA:34,9
DA:39,5
DA:40,1
DA:43,5
DA:46,5
DA:47,3
DA:48,2
DA:49,1
DA:56,5
LF:25
LH:25
BRDA:5,0,0,5
BRDA:5,1,0,5
BRDA:32,2,0,5
BRDA:32,2,1,0
BRDA:39,3,0,1
BRDA:39,3,1,4
BRDA:39,4,0,5
BRDA:39,4,1,1
BRDA:48,5,0,1
BRDA:48,5,1,1
BRF:10
BRH:9
end_of_record
TN:
SF:src/utils/convertToM2.js
FN:1,(anonymous_0)
FNF:1
FNH:1
FNDA:10,(anonymous_0)
DA:1,5
DA:2,10
DA:3,6
DA:4,4
DA:5,1
DA:6,3
DA:7,1
DA:8,2
DA:9,1
DA:11,1
DA:14,5
LF:11
LH:11
BRDA:2,0,0,6
BRDA:2,0,1,4
BRDA:4,1,0,1
BRDA:4,1,1,3
BRDA:6,2,0,1
BRDA:6,2,1,2
BRDA:8,3,0,1
BRDA:8,3,1,1
BRF:8
BRH:8
end_of_record
TN:
SF:src/utils/exchangeRate.js
FN:7,(anonymous_0)
FNF:1
FNH:1
FNDA:9,(anonymous_0)
DA:1,5
DA:2,5
DA:3,5
DA:5,5
DA:7,5
DA:8,9
DA:9,9
DA:10,9
DA:11,6
DA:12,6
DA:15,3
DA:18,2
DA:19,2
DA:21,2
DA:28,2
DA:29,2
DA:31,1
DA:32,1
DA:36,5
LF:19
LH:19
BRDA:10,0,0,6
BRDA:10,0,1,3
BRF:2
BRH:2
end_of_record
TN:
SF:src/utils/stoneFilters.js
FN:1,(anonymous_0)
FNF:1
FNH:1
FNDA:6,(anonymous_0)
DA:1,5
DA:2,6
DA:4,6
DA:5,6
DA:6,6
DA:7,2
DA:16,6
DA:19,5
LF:8
LH:8
BRDA:4,0,0,1
BRDA:4,0,1,5
BRDA:5,1,0,1
BRDA:5,1,1,5
BRDA:6,2,0,2
BRDA:6,2,1,4
BRDA:6,3,0,6
BRDA:6,3,1,4
BRF:8
BRH:8
end_of_record
TN:
SF:src/utils/validation.js
FN:4,(anonymous_0)
FNF:1
FNH:1
FNDA:14,(anonymous_0)
DA:1,5
DA:2,5
DA:4,5
DA:12,14
DA:13,1
DA:18,13
DA:19,1
DA:20,1
DA:23,12
DA:24,1
DA:27,11
DA:28,1
DA:31,10
DA:32,1
DA:35,9
DA:38,5
LF:16
LH:16
BRDA:12,0,0,1
BRDA:12,0,1,13
BRDA:12,1,0,14
BRDA:12,1,1,14
BRDA:12,1,2,14
BRDA:12,1,3,14
BRDA:12,1,4,14
BRDA:18,2,0,1
BRDA:18,2,1,12
BRDA:23,3,0,1
BRDA:23,3,1,11
BRDA:23,4,0,12
BRDA:23,4,1,11
BRDA:27,5,0,1
BRDA:27,5,1,10
BRDA:31,6,0,1
BRDA:31,6,1,9
BRDA:31,7,0,10
BRDA:31,7,1,2
BRF:19
BRH:19
end_of_record
